{'CustId': '31746', 'TransactionRef': 'imported', 'TransDate': datetime.date(2023, 6, 3), 'BankAcct': 20000001, 'Amount': 2100.0}






{"Error":"Customer does not exist"}
{'CustId': '31746', 'TransactionRef': 'imported', 'TransDate': datetime.date(2023, 6, 3), 'BankAcct': 20000001, 'Amount': 2100.0}






{"Error":"Customer does not exist"}
{'CustId': '31746', 'TransactionRef': 'imported', 'TransDate': datetime.date(2023, 6, 3), 'BankAcct': 20000001, 'Amount': 2100.0}






{"Error":"Customer does not exist"}
{'CustId': '31746', 'TransactionRef': 'imported', 'TransDate': datetime.date(2023, 6, 3), 'BankAcct': 20000001, 'Amount': 2100.0}






{"Error":"Customer does not exist"}
{'CustId': '31746', 'TransactionRef': 'imported', 'TransDate': datetime.date(2023, 6, 3), 'BankAcct': 20000001, 'Amount': 2100.0}






{"Error":"Customer does not exist"}
{'CustId': '31746', 'TransactionRef': 'imported', 'TransDate': datetime.date(2023, 6, 3), 'BankAcct': 20000001, 'Amount': 2100.0}






{"Error":"Customer does not exist"}
{'CustId': '31746', 'TransactionRef': 'imported', 'TransDate': datetime.date(2023, 6, 3), 'BankAcct': 20000001, 'Amount': 2100.0}






{"Error":"Customer does not exist"}
{'CustId': '31746', 'TransactionRef': 'imported', 'TransDate': datetime.date(2023, 6, 3), 'BankAcct': 20000001, 'Amount': 2100.0}






{"Error":"Customer does not exist"}
{'CustId': '31746', 'TransactionRef': 'imported', 'TransDate': datetime.date(2023, 6, 3), 'BankAcct': 20000001, 'Amount': 2100.0}






{"Error":"Customer does not exist"}
{'CustId': '31746', 'TransactionRef': 'imported', 'TransDate': datetime.date(2023, 6, 3), 'BankAcct': 20000001, 'Amount': 2100.0}






{"Error":"Customer does not exist"}
{'CustId': '31746', 'TransactionRef': 'imported', 'TransDate': datetime.date(2023, 6, 3), 'BankAcct': 20000001, 'Amount': 2100.0}






{"Error":"Customer does not exist"}
{'CustId': '31746', 'TransactionRef': 'imported', 'TransDate': datetime.date(2023, 6, 3), 'BankAcct': 20000001, 'Amount': 2100.0}






{"Error":"Customer does not exist"}
{'CustId': '31746', 'TransactionRef': 'imported', 'TransDate': datetime.date(2023, 6, 3), 'BankAcct': 20000001, 'Amount': 2100.0}






{"Error":"Customer does not exist"}
{'CustId': '31746', 'TransactionRef': 'imported', 'TransDate': datetime.date(2023, 6, 3), 'BankAcct': 20000001, 'Amount': 2100.0}






{"Error":"Customer does not exist"}
{'CustId': '31746', 'TransactionRef': 'imported', 'TransDate': datetime.date(2023, 6, 3), 'BankAcct': 20000001, 'Amount': 2100.0}






{"Error":"Customer does not exist"}
{'CustId': '31746', 'TransactionRef': 'imported', 'TransDate': datetime.date(2023, 6, 3), 'BankAcct': 20000001, 'Amount': 2100.0}






{"Error":"Customer does not exist"}
{'CustId': '31746', 'TransactionRef': 'imported', 'TransDate': datetime.date(2023, 6, 3), 'BankAcct': 20000001, 'Amount': 2100.0}






{"Error":"Customer does not exist"}
{'CustId': '31746', 'TransactionRef': 'imported', 'TransDate': datetime.date(2023, 6, 3), 'BankAcct': 20000001, 'Amount': 2100.0}






{"Error":"Customer does not exist"}
{'CustId': '31746', 'TransactionRef': 'imported', 'TransDate': datetime.date(2023, 6, 3), 'BankAcct': 20000001, 'Amount': 2100.0}






{"Error":"Customer does not exist"}
{'CustId': '31746', 'TransactionRef': 'imported', 'TransDate': datetime.date(2023, 6, 3), 'BankAcct': 20000001, 'Amount': 2100.0}






{"Error":"Customer does not exist"}
{'CustId': '31746', 'TransactionRef': 'imported', 'TransDate': datetime.date(2023, 6, 3), 'BankAcct': 20000001, 'Amount': 2100.0}






{"Error":"Customer does not exist"}
{'CustId': '31746', 'TransactionRef': 'imported', 'TransDate': datetime.date(2023, 6, 3), 'BankAcct': 20000001, 'Amount': 2100.0}






{"Error":"Customer does not exist"}
{'CustId': '31746', 'TransactionRef': 'imported', 'TransDate': datetime.date(2023, 6, 3), 'BankAcct': 20000001, 'Amount': 2100.0}






{"Error":"Customer does not exist"}
{'CustId': '31746', 'TransactionRef': 'imported', 'TransDate': datetime.date(2023, 6, 3), 'BankAcct': 20000001, 'Amount': 2100.0}






{"Error":"Customer does not exist"}
{'CustId': '31746', 'TransactionRef': 'imported', 'TransDate': datetime.date(2023, 6, 3), 'BankAcct': 20000001, 'Amount': 2100.0}






{"Error":"Customer does not exist"}
{'CustId': '31746', 'TransactionRef': 'imported', 'TransDate': datetime.date(2023, 6, 3), 'BankAcct': 20000001, 'Amount': 2100.0}






{"Error":"Customer does not exist"}
{'CustId': '31746', 'TransactionRef': 'imported', 'TransDate': datetime.date(2023, 6, 3), 'BankAcct': 20000001, 'Amount': 2100.0}






{"Error":"Customer does not exist"}
{'CustId': '31746', 'TransactionRef': 'imported', 'TransDate': datetime.date(2023, 6, 3), 'BankAcct': 20000001, 'Amount': 2100.0}






{"Error":"Customer does not exist"}
{'CustId': '31746', 'TransactionRef': 'imported', 'TransDate': datetime.date(2023, 6, 3), 'BankAcct': 20000001, 'Amount': 2100.0}






{"Error":"Customer does not exist"}
{'CustId': '31746', 'TransactionRef': 'imported', 'TransDate': datetime.date(2023, 6, 3), 'BankAcct': 20000001, 'Amount': 2100.0}






{"Error":"Customer does not exist"}
{'CustId': '31746', 'TransactionRef': 'imported', 'TransDate': datetime.date(2023, 6, 3), 'BankAcct': 20000001, 'Amount': 2100.0}






{"Error":"Customer does not exist"}
{'CustId': '31746', 'TransactionRef': 'imported', 'TransDate': datetime.date(2023, 6, 3), 'BankAcct': 20000001, 'Amount': 2100.0}






{"Error":"Customer does not exist"}
{'CustId': '31746', 'TransactionRef': 'imported', 'TransDate': datetime.date(2023, 6, 3), 'BankAcct': 20000001, 'Amount': 2100.0}






{"Error":"Customer does not exist"}
{'CustId': '31746', 'TransactionRef': 'imported', 'TransDate': datetime.date(2023, 6, 3), 'BankAcct': 20000001, 'Amount': 2100.0}






{"Error":"Customer does not exist"}
{'CustId': '31746', 'TransactionRef': 'imported', 'TransDate': datetime.date(2023, 6, 3), 'BankAcct': 20000001, 'Amount': 2100.0}






{"Error":"Customer does not exist"}
{'CustId': '31746', 'TransactionRef': 'imported', 'TransDate': datetime.date(2023, 6, 3), 'BankAcct': 20000001, 'Amount': 2100.0}






{"Error":"Customer does not exist"}
{'CustId': '31746', 'TransactionRef': 'imported', 'TransDate': datetime.date(2023, 6, 3), 'BankAcct': 20000001, 'Amount': 2100.0}






{"Error":"Customer does not exist"}
{'CustId': '31746', 'TransactionRef': 'imported', 'TransDate': datetime.date(2023, 6, 3), 'BankAcct': 20000001, 'Amount': 2100.0}






{"Error":"Customer does not exist"}
{'CustId': '31746', 'TransactionRef': 'imported', 'TransDate': datetime.date(2023, 6, 3), 'BankAcct': 20000001, 'Amount': 2100.0}






{"Error":"Customer does not exist"}
{'CustId': '31746', 'TransactionRef': 'imported', 'TransDate': datetime.date(2023, 6, 3), 'BankAcct': 20000001, 'Amount': 2100.0}






{"Error":"Customer does not exist"}
{'CustId': '31746', 'TransactionRef': 'imported', 'TransDate': datetime.date(2023, 6, 3), 'BankAcct': 20000001, 'Amount': 2100.0}






{"Error":"Customer does not exist"}
{'CustId': '31746', 'TransactionRef': 'imported', 'TransDate': datetime.date(2023, 6, 3), 'BankAcct': 20000001, 'Amount': 2100.0}






{"Error":"Customer does not exist"}
{'CustId': '31746', 'TransactionRef': 'imported', 'TransDate': datetime.date(2023, 6, 3), 'BankAcct': 20000001, 'Amount': 2100.0}






{"Error":"Customer does not exist"}
{'CustId': '31746', 'TransactionRef': 'imported', 'TransDate': datetime.date(2023, 6, 3), 'BankAcct': 20000001, 'Amount': 2100.0}






{"Error":"Customer does not exist"}
{'CustId': '31746', 'TransactionRef': 'imported', 'TransDate': datetime.date(2023, 6, 3), 'BankAcct': 20000001, 'Amount': 2100.0}






{"Error":"Customer does not exist"}
{'CustId': '31746', 'TransactionRef': 'imported', 'TransDate': datetime.date(2023, 6, 3), 'BankAcct': 20000001, 'Amount': 2100.0}






{"Error":"Customer does not exist"}
{'CustId': '31746', 'TransactionRef': 'imported', 'TransDate': datetime.date(2023, 6, 3), 'BankAcct': 20000001, 'Amount': 2100.0}






{"Error":"Customer does not exist"}
{'CustId': '31746', 'TransactionRef': 'imported', 'TransDate': datetime.date(2023, 6, 3), 'BankAcct': 20000001, 'Amount': 2100.0}






{"Error":"Customer does not exist"}
{'CustId': '31746', 'TransactionRef': 'imported', 'TransDate': datetime.date(2023, 6, 3), 'BankAcct': 20000001, 'Amount': 2100.0}






{"Error":"Customer does not exist"}
{'CustId': '31746', 'TransactionRef': 'imported', 'TransDate': datetime.date(2023, 6, 3), 'BankAcct': 20000001, 'Amount': 2100.0}






{"Error":"Customer does not exist"}
{'CustId': '31746', 'TransactionRef': 'imported', 'TransDate': datetime.date(2023, 6, 3), 'BankAcct': 20000001, 'Amount': 2100.0}






{"Error":"Customer does not exist"}
{'CustId': '31746', 'TransactionRef': 'imported', 'TransDate': datetime.date(2023, 6, 3), 'BankAcct': 20000001, 'Amount': 2100.0}






{"Error":"Customer does not exist"}
{'CustId': '31746', 'TransactionRef': 'imported', 'TransDate': datetime.date(2023, 6, 3), 'BankAcct': 20000001, 'Amount': 2100.0}






{"Error":"Customer does not exist"}
{'CustId': '31746', 'TransactionRef': 'imported', 'TransDate': datetime.date(2023, 6, 3), 'BankAcct': 20000001, 'Amount': 2100.0}






{"Error":"Customer does not exist"}
{'CustId': '31746', 'TransactionRef': 'imported', 'TransDate': datetime.date(2023, 6, 3), 'BankAcct': 20000001, 'Amount': 2100.0}






{"Error":"Customer does not exist"}
{'CustId': '31746', 'TransactionRef': 'imported', 'TransDate': datetime.date(2023, 6, 3), 'BankAcct': 20000001, 'Amount': 2100.0}






{"Error":"Customer does not exist"}
{'CustId': '31746', 'TransactionRef': 'imported', 'TransDate': datetime.date(2023, 6, 3), 'BankAcct': 20000001, 'Amount': 2100.0}






{"Error":"Customer does not exist"}
{'CustId': '31746', 'TransactionRef': 'imported', 'TransDate': datetime.date(2023, 6, 3), 'BankAcct': 20000001, 'Amount': 2100.0}






{"Error":"Customer does not exist"}
{'CustId': '31746', 'TransactionRef': 'imported', 'TransDate': datetime.date(2023, 6, 3), 'BankAcct': 20000001, 'Amount': 2100.0}






{"Error":"Customer does not exist"}
{'CustId': '31746', 'TransactionRef': 'imported', 'TransDate': datetime.date(2023, 6, 3), 'BankAcct': 20000001, 'Amount': 2100.0}






{"Error":"Customer does not exist"}
{'CustId': '31746', 'TransactionRef': 'imported', 'TransDate': datetime.date(2023, 6, 3), 'BankAcct': 20000001, 'Amount': 2100.0}






{"Error":"Customer does not exist"}
{'CustId': '31746', 'TransactionRef': 'imported', 'TransDate': datetime.date(2023, 6, 3), 'BankAcct': 20000001, 'Amount': 2100.0}






{"Error":"Customer does not exist"}
{'CustId': '31746', 'TransactionRef': 'imported', 'TransDate': datetime.date(2023, 6, 3), 'BankAcct': 20000001, 'Amount': 2100.0}






{"Error":"Customer does not exist"}
{'CustId': '31746', 'TransactionRef': 'imported', 'TransDate': datetime.date(2023, 6, 3), 'BankAcct': 20000001, 'Amount': 2100.0}






{"Error":"Customer does not exist"}
{'CustId': '31746', 'TransactionRef': 'imported', 'TransDate': datetime.date(2023, 6, 3), 'BankAcct': 20000001, 'Amount': 2100.0}






{"Error":"Customer does not exist"}
{'CustId': '31746', 'TransactionRef': 'imported', 'TransDate': datetime.date(2023, 6, 3), 'BankAcct': 20000001, 'Amount': 2100.0}






{"Error":"Customer does not exist"}
{'CustId': '31746', 'TransactionRef': 'imported', 'TransDate': datetime.date(2023, 6, 3), 'BankAcct': 20000001, 'Amount': 2100.0}






{"Error":"Customer does not exist"}
{'CustId': '31746', 'TransactionRef': 'imported', 'TransDate': datetime.date(2023, 6, 3), 'BankAcct': 20000001, 'Amount': 2100.0}






{"Error":"Customer does not exist"}
{'CustId': '31746', 'TransactionRef': 'imported', 'TransDate': datetime.date(2023, 6, 3), 'BankAcct': 20000001, 'Amount': 2100.0}






{"Error":"Customer does not exist"}
{'CustId': '31746', 'TransactionRef': 'imported', 'TransDate': datetime.date(2023, 6, 3), 'BankAcct': 20000001, 'Amount': 2100.0}






{"Error":"Customer does not exist"}
{'CustId': '31746', 'TransactionRef': 'imported', 'TransDate': datetime.date(2023, 6, 3), 'BankAcct': 20000001, 'Amount': 2100.0}






{"Error":"Customer does not exist"}
{'CustId': '31746', 'TransactionRef': 'imported', 'TransDate': datetime.date(2023, 6, 3), 'BankAcct': 20000001, 'Amount': 2100.0}






{"Error":"Customer does not exist"}
{'CustId': '31746', 'TransactionRef': 'imported', 'TransDate': datetime.date(2023, 6, 3), 'BankAcct': 20000001, 'Amount': 2100.0}






{"Error":"Customer does not exist"}
{'CustId': '31746', 'TransactionRef': 'imported', 'TransDate': datetime.date(2023, 6, 3), 'BankAcct': 20000001, 'Amount': 2100.0}






{"Error":"Customer does not exist"}
{'CustId': '31746', 'TransactionRef': 'imported', 'TransDate': datetime.date(2023, 6, 3), 'BankAcct': 20000001, 'Amount': 2100.0}






{"Error":"Customer does not exist"}
{'CustId': '31746', 'TransactionRef': 'imported', 'TransDate': datetime.date(2023, 6, 3), 'BankAcct': 20000001, 'Amount': 2100.0}






{"Error":"Customer does not exist"}
{'CustId': '31746', 'TransactionRef': 'imported', 'TransDate': datetime.date(2023, 6, 3), 'BankAcct': 20000001, 'Amount': 2100.0}






{"Error":"Customer does not exist"}
{'CustId': '31746', 'TransactionRef': 'imported', 'TransDate': datetime.date(2023, 6, 3), 'BankAcct': 20000001, 'Amount': 2100.0}






{"Error":"Customer does not exist"}
{'CustId': '31746', 'TransactionRef': 'imported', 'TransDate': datetime.date(2023, 6, 3), 'BankAcct': 20000001, 'Amount': 2100.0}






{"Error":"Customer does not exist"}
{'CustId': '31746', 'TransactionRef': 'imported', 'TransDate': datetime.date(2023, 6, 3), 'BankAcct': 20000001, 'Amount': 2100.0}






{"Error":"Customer does not exist"}
{'CustId': '31746', 'TransactionRef': 'imported', 'TransDate': datetime.date(2023, 6, 3), 'BankAcct': 20000001, 'Amount': 2100.0}






{"Error":"Customer does not exist"}
{'CustId': '31746', 'TransactionRef': 'imported', 'TransDate': datetime.date(2023, 6, 3), 'BankAcct': 20000001, 'Amount': 2100.0}






{"Error":"Customer does not exist"}
{'CustId': '31746', 'TransactionRef': 'imported', 'TransDate': datetime.date(2023, 6, 3), 'BankAcct': 20000001, 'Amount': 2100.0}






{"Error":"Customer does not exist"}
{'CustId': '31746', 'TransactionRef': 'imported', 'TransDate': datetime.date(2023, 6, 3), 'BankAcct': 20000001, 'Amount': 2100.0}






{"Error":"Customer does not exist"}
{'CustId': '31746', 'TransactionRef': 'imported', 'TransDate': datetime.date(2023, 6, 3), 'BankAcct': 20000001, 'Amount': 2100.0}






{"Error":"Customer does not exist"}
{'CustId': '31746', 'TransactionRef': 'imported', 'TransDate': datetime.date(2023, 6, 3), 'BankAcct': 20000001, 'Amount': 2100.0}






{"Error":"Customer does not exist"}
{'CustId': '31746', 'TransactionRef': 'imported', 'TransDate': datetime.date(2023, 6, 3), 'BankAcct': 20000001, 'Amount': 2100.0}






{"Error":"Customer does not exist"}
{'CustId': '31746', 'TransactionRef': 'imported', 'TransDate': datetime.date(2023, 6, 3), 'BankAcct': 20000001, 'Amount': 2100.0}






{"Error":"Customer does not exist"}
{'CustId': '31746', 'TransactionRef': 'imported', 'TransDate': datetime.date(2023, 6, 3), 'BankAcct': 20000001, 'Amount': 2100.0}






{"Error":"Customer does not exist"}
{'CustId': '31746', 'TransactionRef': 'imported', 'TransDate': datetime.date(2023, 6, 3), 'BankAcct': 20000001, 'Amount': 2100.0}






{"Error":"Customer does not exist"}
{'CustId': '31746', 'TransactionRef': 'imported', 'TransDate': datetime.date(2023, 6, 3), 'BankAcct': 20000001, 'Amount': 2100.0}






{"Error":"Customer does not exist"}
{'CustId': '31746', 'TransactionRef': 'imported', 'TransDate': datetime.date(2023, 6, 3), 'BankAcct': 20000001, 'Amount': 2100.0}






{"Error":"Customer does not exist"}
{'CustId': '31746', 'TransactionRef': 'imported', 'TransDate': datetime.date(2023, 6, 3), 'BankAcct': 20000001, 'Amount': 2100.0}






{"Error":"Customer does not exist"}
{'CustId': '31746', 'TransactionRef': 'imported', 'TransDate': datetime.date(2023, 6, 3), 'BankAcct': 20000001, 'Amount': 2100.0}






{"Error":"Customer does not exist"}
{'CustId': '31746', 'TransactionRef': 'imported', 'TransDate': datetime.date(2023, 6, 3), 'BankAcct': 20000001, 'Amount': 2100.0}






{"Error":"Customer does not exist"}
{'CustId': '31746', 'TransactionRef': 'imported', 'TransDate': datetime.date(2023, 6, 3), 'BankAcct': 20000001, 'Amount': 2100.0}






{"Error":"Customer does not exist"}
{'CustId': '31746', 'TransactionRef': 'imported', 'TransDate': datetime.date(2023, 6, 3), 'BankAcct': 20000001, 'Amount': 2100.0}






{"Error":"Customer does not exist"}
{'CustId': '31746', 'TransactionRef': 'imported', 'TransDate': datetime.date(2023, 6, 3), 'BankAcct': 20000001, 'Amount': 2100.0}






{"Error":"Customer does not exist"}
{'CustId': '31746', 'TransactionRef': 'imported', 'TransDate': datetime.date(2023, 6, 3), 'BankAcct': 20000001, 'Amount': 2100.0}






{"Error":"Customer does not exist"}
{'CustId': '31746', 'TransactionRef': 'imported', 'TransDate': datetime.date(2023, 6, 3), 'BankAcct': 20000001, 'Amount': 2100.0}






{"Error":"Customer does not exist"}
{'CustId': '31746', 'TransactionRef': 'imported', 'TransDate': datetime.date(2023, 6, 3), 'BankAcct': 20000001, 'Amount': 2100.0}






{"Error":"Customer does not exist"}
{'CustId': '31746', 'TransactionRef': 'imported', 'TransDate': datetime.date(2023, 6, 3), 'BankAcct': 20000001, 'Amount': 2100.0}






{"Error":"Customer does not exist"}
{'CustId': '31746', 'TransactionRef': 'imported', 'TransDate': datetime.date(2023, 6, 3), 'BankAcct': 20000001, 'Amount': 2100.0}






{"Error":"Customer does not exist"}
{'CustId': '31746', 'TransactionRef': 'imported', 'TransDate': datetime.date(2023, 6, 3), 'BankAcct': 20000001, 'Amount': 2100.0}






{"Error":"Customer does not exist"}
{'CustId': '31746', 'TransactionRef': 'imported', 'TransDate': datetime.date(2023, 6, 3), 'BankAcct': 20000001, 'Amount': 2100.0}






{"Error":"Customer does not exist"}
{'CustId': '31746', 'TransactionRef': 'imported', 'TransDate': datetime.date(2023, 6, 3), 'BankAcct': 20000001, 'Amount': 2100.0}






{"Error":"Customer does not exist"}
{'CustId': '31746', 'TransactionRef': 'imported', 'TransDate': datetime.date(2023, 6, 3), 'BankAcct': 20000001, 'Amount': 2100.0}






{"Error":"Customer does not exist"}
{'CustId': '31746', 'TransactionRef': 'imported', 'TransDate': datetime.date(2023, 6, 3), 'BankAcct': 20000001, 'Amount': 2100.0}






{"Error":"Customer does not exist"}
{'CustId': '31746', 'TransactionRef': 'imported', 'TransDate': datetime.date(2023, 6, 3), 'BankAcct': 20000001, 'Amount': 2100.0}






{"Error":"Customer does not exist"}
{'CustId': '31746', 'TransactionRef': 'imported', 'TransDate': datetime.date(2023, 6, 3), 'BankAcct': 20000001, 'Amount': 2100.0}






{"Error":"Customer does not exist"}
{'CustId': '31746', 'TransactionRef': 'imported', 'TransDate': datetime.date(2023, 6, 3), 'BankAcct': 20000001, 'Amount': 2100.0}






{"Error":"Customer does not exist"}
{'CustId': '31746', 'TransactionRef': 'imported', 'TransDate': datetime.date(2023, 6, 3), 'BankAcct': 20000001, 'Amount': 2100.0}






{"Error":"Customer does not exist"}
{'CustId': '31746', 'TransactionRef': 'imported', 'TransDate': datetime.date(2023, 6, 3), 'BankAcct': 20000001, 'Amount': 2100.0}






{"Error":"Customer does not exist"}
{'CustId': '31746', 'TransactionRef': 'imported', 'TransDate': datetime.date(2023, 6, 3), 'BankAcct': 20000001, 'Amount': 2100.0}






{"Error":"Customer does not exist"}
{'CustId': '31746', 'TransactionRef': 'imported', 'TransDate': datetime.date(2023, 6, 3), 'BankAcct': 20000001, 'Amount': 2100.0}






{"Error":"Customer does not exist"}
{'CustId': '31746', 'TransactionRef': 'imported', 'TransDate': datetime.date(2023, 6, 3), 'BankAcct': 20000001, 'Amount': 2100.0}






{"Error":"Customer does not exist"}
{'CustId': '31746', 'TransactionRef': 'imported', 'TransDate': datetime.date(2023, 6, 3), 'BankAcct': 20000001, 'Amount': 2100.0}






{"Error":"Customer does not exist"}
{'CustId': '31746', 'TransactionRef': 'imported', 'TransDate': datetime.date(2023, 6, 3), 'BankAcct': 20000001, 'Amount': 2100.0}






{"Error":"Customer does not exist"}
{'CustId': '31746', 'TransactionRef': 'imported', 'TransDate': datetime.date(2023, 6, 3), 'BankAcct': 20000001, 'Amount': 2100.0}






{"Error":"Customer does not exist"}
{'CustId': '31746', 'TransactionRef': 'imported', 'TransDate': datetime.date(2023, 6, 3), 'BankAcct': 20000001, 'Amount': 2100.0}






{"Error":"Customer does not exist"}
{'CustId': '31746', 'TransactionRef': 'imported', 'TransDate': datetime.date(2023, 6, 3), 'BankAcct': 20000001, 'Amount': 2100.0}






{"Error":"Customer does not exist"}
{'CustId': '31746', 'TransactionRef': 'imported', 'TransDate': datetime.date(2023, 6, 3), 'BankAcct': 20000001, 'Amount': 2100.0}






{"Error":"Customer does not exist"}
{'CustId': '31746', 'TransactionRef': 'imported', 'TransDate': datetime.date(2023, 6, 3), 'BankAcct': 20000001, 'Amount': 2100.0}






{"Error":"Customer does not exist"}
{'CustId': '31746', 'TransactionRef': 'imported', 'TransDate': datetime.date(2023, 6, 3), 'BankAcct': 20000001, 'Amount': 2100.0}






{"Error":"Customer does not exist"}
{'CustId': '31746', 'TransactionRef': 'imported', 'TransDate': datetime.date(2023, 6, 3), 'BankAcct': 20000001, 'Amount': 2100.0}






{"Error":"Customer does not exist"}
{'CustId': '31746', 'TransactionRef': 'imported', 'TransDate': datetime.date(2023, 6, 3), 'BankAcct': 20000001, 'Amount': 2100.0}






{"Error":"Customer does not exist"}
{'CustId': '31746', 'TransactionRef': 'imported', 'TransDate': datetime.date(2023, 6, 3), 'BankAcct': 20000001, 'Amount': 2100.0}






{"Error":"Customer does not exist"}
{'CustId': '31746', 'TransactionRef': 'imported', 'TransDate': datetime.date(2023, 6, 3), 'BankAcct': 20000001, 'Amount': 2100.0}






{"Error":"Customer does not exist"}
{'CustId': '31746', 'TransactionRef': 'imported', 'TransDate': datetime.date(2023, 6, 3), 'BankAcct': 20000001, 'Amount': 2100.0}






{"Error":"Customer does not exist"}
{'CustId': '31746', 'TransactionRef': 'imported', 'TransDate': datetime.date(2023, 6, 3), 'BankAcct': 20000001, 'Amount': 2100.0}






{"Error":"Customer does not exist"}
{'CustId': '31746', 'TransactionRef': 'imported', 'TransDate': datetime.date(2023, 6, 3), 'BankAcct': 20000001, 'Amount': 2100.0}






{"Error":"Customer does not exist"}
{'CustId': '31746', 'TransactionRef': 'imported', 'TransDate': datetime.date(2023, 6, 3), 'BankAcct': 20000001, 'Amount': 2100.0}






{"Error":"Customer does not exist"}
{'CustId': '31746', 'TransactionRef': 'imported', 'TransDate': datetime.date(2023, 6, 3), 'BankAcct': 20000001, 'Amount': 2100.0}






{"Error":"Customer does not exist"}
{'CustId': '31746', 'TransactionRef': 'imported', 'TransDate': datetime.date(2023, 6, 3), 'BankAcct': 20000001, 'Amount': 2100.0}






{"Error":"Customer does not exist"}
{'CustId': '31746', 'TransactionRef': 'imported', 'TransDate': datetime.date(2023, 6, 3), 'BankAcct': 20000001, 'Amount': 2100.0}






{"Error":"Customer does not exist"}
{'CustId': '31746', 'TransactionRef': 'imported', 'TransDate': datetime.date(2023, 6, 3), 'BankAcct': 20000001, 'Amount': 2100.0}






{"Error":"Customer does not exist"}
{'CustId': '31746', 'TransactionRef': 'imported', 'TransDate': datetime.date(2023, 6, 3), 'BankAcct': 20000001, 'Amount': 2100.0}






{"Error":"Customer does not exist"}
{'CustId': '31746', 'TransactionRef': 'imported', 'TransDate': datetime.date(2023, 6, 3), 'BankAcct': 20000001, 'Amount': 2100.0}






{"Error":"Customer does not exist"}
{'CustId': '31746', 'TransactionRef': 'imported', 'TransDate': datetime.date(2023, 6, 3), 'BankAcct': 20000001, 'Amount': 2100.0}






{"Error":"Customer does not exist"}
{'CustId': '31746', 'TransactionRef': 'imported', 'TransDate': datetime.date(2023, 6, 3), 'BankAcct': 20000001, 'Amount': 2100.0}






{"Error":"Customer does not exist"}
{'CustId': '31746', 'TransactionRef': 'imported', 'TransDate': datetime.date(2023, 6, 3), 'BankAcct': 20000001, 'Amount': 2100.0}






{"Error":"Customer does not exist"}
{'CustId': '31746', 'TransactionRef': 'imported', 'TransDate': datetime.date(2023, 6, 3), 'BankAcct': 20000001, 'Amount': 2100.0}






{"Error":"Customer does not exist"}
{'CustId': '31746', 'TransactionRef': 'imported', 'TransDate': datetime.date(2023, 6, 3), 'BankAcct': 20000001, 'Amount': 2100.0}






{"Error":"Customer does not exist"}
{'CustId': '31746', 'TransactionRef': 'imported', 'TransDate': datetime.date(2023, 6, 3), 'BankAcct': 20000001, 'Amount': 2100.0}






{"Error":"Customer does not exist"}
{'CustId': '31746', 'TransactionRef': 'imported', 'TransDate': datetime.date(2023, 6, 3), 'BankAcct': 20000001, 'Amount': 2100.0}






{"Error":"Customer does not exist"}
{'CustId': '31746', 'TransactionRef': 'imported', 'TransDate': datetime.date(2023, 6, 3), 'BankAcct': 20000001, 'Amount': 2100.0}






{"Error":"Customer does not exist"}
{'CustId': '31746', 'TransactionRef': 'imported', 'TransDate': datetime.date(2023, 6, 3), 'BankAcct': 20000001, 'Amount': 2100.0}






{"Error":"Customer does not exist"}
{'CustId': '31746', 'TransactionRef': 'imported', 'TransDate': datetime.date(2023, 6, 3), 'BankAcct': 20000001, 'Amount': 2100.0}






{"Error":"Customer does not exist"}
{'CustId': '31746', 'TransactionRef': 'imported', 'TransDate': datetime.date(2023, 6, 3), 'BankAcct': 20000001, 'Amount': 2100.0}






{"Error":"Customer does not exist"}
{'CustId': '31746', 'TransactionRef': 'imported', 'TransDate': datetime.date(2023, 6, 3), 'BankAcct': 20000001, 'Amount': 2100.0}






{"Error":"Customer does not exist"}
{'CustId': '31746', 'TransactionRef': 'imported', 'TransDate': datetime.date(2023, 6, 3), 'BankAcct': 20000001, 'Amount': 2100.0}






{"Error":"Customer does not exist"}
{'CustId': '31746', 'TransactionRef': 'imported', 'TransDate': datetime.date(2023, 6, 3), 'BankAcct': 20000001, 'Amount': 2100.0}






{"Error":"Customer does not exist"}
{'CustId': '31746', 'TransactionRef': 'imported', 'TransDate': datetime.date(2023, 6, 3), 'BankAcct': 20000001, 'Amount': 2100.0}






{"Error":"Customer does not exist"}
{'CustId': '31746', 'TransactionRef': 'imported', 'TransDate': datetime.date(2023, 6, 3), 'BankAcct': 20000001, 'Amount': 2100.0}






{"Error":"Customer does not exist"}
{'CustId': '31746', 'TransactionRef': 'imported', 'TransDate': datetime.date(2023, 6, 3), 'BankAcct': 20000001, 'Amount': 2100.0}






{"Error":"Customer does not exist"}
{'CustId': '31746', 'TransactionRef': 'imported', 'TransDate': datetime.date(2023, 6, 3), 'BankAcct': 20000001, 'Amount': 2100.0}






{"Error":"Customer does not exist"}
{'CustId': '31746', 'TransactionRef': 'imported', 'TransDate': datetime.date(2023, 6, 3), 'BankAcct': 20000001, 'Amount': 2100.0}






{"Error":"Customer does not exist"}
{'CustId': '31746', 'TransactionRef': 'imported', 'TransDate': datetime.date(2023, 6, 3), 'BankAcct': 20000001, 'Amount': 2100.0}






{"Error":"Customer does not exist"}
{'CustId': '31746', 'TransactionRef': 'imported', 'TransDate': datetime.date(2023, 6, 3), 'BankAcct': 20000001, 'Amount': 2100.0}






{"Error":"Customer does not exist"}
{'CustId': '31746', 'TransactionRef': 'imported', 'TransDate': datetime.date(2023, 6, 3), 'BankAcct': 20000001, 'Amount': 2100.0}






{"Error":"Customer does not exist"}
{'CustId': '31746', 'TransactionRef': 'imported', 'TransDate': datetime.date(2023, 6, 3), 'BankAcct': 20000001, 'Amount': 2100.0}






{"Error":"Customer does not exist"}
{'CustId': '31746', 'TransactionRef': 'imported', 'TransDate': datetime.date(2023, 6, 3), 'BankAcct': 20000001, 'Amount': 2100.0}






{"Error":"Customer does not exist"}
{'CustId': '31746', 'TransactionRef': 'imported', 'TransDate': datetime.date(2023, 6, 3), 'BankAcct': 20000001, 'Amount': 2100.0}






{"Error":"Customer does not exist"}
{'CustId': '31746', 'TransactionRef': 'imported', 'TransDate': datetime.date(2023, 6, 3), 'BankAcct': 20000001, 'Amount': 2100.0}






{"Error":"Customer does not exist"}
{'CustId': '31746', 'TransactionRef': 'imported', 'TransDate': datetime.date(2023, 6, 3), 'BankAcct': 20000001, 'Amount': 2100.0}






{"Error":"Customer does not exist"}
{'CustId': '31746', 'TransactionRef': 'imported', 'TransDate': datetime.date(2023, 6, 3), 'BankAcct': 20000001, 'Amount': 2100.0}






{"Error":"Customer does not exist"}
{'CustId': '31746', 'TransactionRef': 'imported', 'TransDate': datetime.date(2023, 6, 3), 'BankAcct': 20000001, 'Amount': 2100.0}






{"Error":"Customer does not exist"}
{'CustId': '31746', 'TransactionRef': 'imported', 'TransDate': datetime.date(2023, 6, 3), 'BankAcct': 20000001, 'Amount': 2100.0}






{"Error":"Customer does not exist"}
{'CustId': '31746', 'TransactionRef': 'imported', 'TransDate': datetime.date(2023, 6, 3), 'BankAcct': 20000001, 'Amount': 2100.0}






{"Error":"Customer does not exist"}
{'CustId': '31746', 'TransactionRef': 'imported', 'TransDate': datetime.date(2023, 6, 3), 'BankAcct': 20000001, 'Amount': 2100.0}






{"Error":"Customer does not exist"}
{'CustId': '31746', 'TransactionRef': 'imported', 'TransDate': datetime.date(2023, 6, 3), 'BankAcct': 20000001, 'Amount': 2100.0}






{"Error":"Customer does not exist"}
{'CustId': '31746', 'TransactionRef': 'imported', 'TransDate': datetime.date(2023, 6, 3), 'BankAcct': 20000001, 'Amount': 2100.0}






{"Error":"Customer does not exist"}
{'CustId': '31746', 'TransactionRef': 'imported', 'TransDate': datetime.date(2023, 6, 3), 'BankAcct': 20000001, 'Amount': 2100.0}






{"Error":"Customer does not exist"}
{'CustId': '31746', 'TransactionRef': 'imported', 'TransDate': datetime.date(2023, 6, 3), 'BankAcct': 20000001, 'Amount': 2100.0}






{"Error":"Customer does not exist"}
{'CustId': '31746', 'TransactionRef': 'imported', 'TransDate': datetime.date(2023, 6, 3), 'BankAcct': 20000001, 'Amount': 2100.0}






{"Error":"Customer does not exist"}
{'CustId': '31746', 'TransactionRef': 'imported', 'TransDate': datetime.date(2023, 6, 3), 'BankAcct': 20000001, 'Amount': 2100.0}






{"Error":"Customer does not exist"}
{'CustId': '31746', 'TransactionRef': 'imported', 'TransDate': datetime.date(2023, 6, 3), 'BankAcct': 20000001, 'Amount': 2100.0}






{"Error":"Customer does not exist"}
{'CustId': '31746', 'TransactionRef': 'imported', 'TransDate': datetime.date(2023, 6, 3), 'BankAcct': 20000001, 'Amount': 2100.0}






{"Error":"Customer does not exist"}
{'CustId': '31746', 'TransactionRef': 'imported', 'TransDate': datetime.date(2023, 6, 3), 'BankAcct': 20000001, 'Amount': 2100.0}






{"Error":"Customer does not exist"}
{'CustId': '31746', 'TransactionRef': 'imported', 'TransDate': datetime.date(2023, 6, 3), 'BankAcct': 20000001, 'Amount': 2100.0}






{"Error":"Customer does not exist"}
{'CustId': '31746', 'TransactionRef': 'imported', 'TransDate': datetime.date(2023, 6, 3), 'BankAcct': 20000001, 'Amount': 2100.0}






{"Error":"Customer does not exist"}
{'CustId': '31746', 'TransactionRef': 'imported', 'TransDate': datetime.date(2023, 6, 3), 'BankAcct': 20000001, 'Amount': 2100.0}






{"Error":"Customer does not exist"}
{'CustId': '31746', 'TransactionRef': 'imported', 'TransDate': datetime.date(2023, 6, 3), 'BankAcct': 20000001, 'Amount': 2100.0}






{"Error":"Customer does not exist"}
{'CustId': '31746', 'TransactionRef': 'imported', 'TransDate': datetime.date(2023, 6, 3), 'BankAcct': 20000001, 'Amount': 2100.0}






{"Error":"Customer does not exist"}
{'CustId': '31746', 'TransactionRef': 'imported', 'TransDate': datetime.date(2023, 6, 3), 'BankAcct': 20000001, 'Amount': 2100.0}






{"Error":"Customer does not exist"}
{'CustId': '31746', 'TransactionRef': 'imported', 'TransDate': datetime.date(2023, 6, 3), 'BankAcct': 20000001, 'Amount': 2100.0}






{"Error":"Customer does not exist"}
{'CustId': '31746', 'TransactionRef': 'imported', 'TransDate': datetime.date(2023, 6, 3), 'BankAcct': 20000001, 'Amount': 2100.0}






{"Error":"Customer does not exist"}
{'CustId': '31746', 'TransactionRef': 'imported', 'TransDate': datetime.date(2023, 6, 3), 'BankAcct': 20000001, 'Amount': 2100.0}






{"Error":"Customer does not exist"}
{'CustId': '31746', 'TransactionRef': 'imported', 'TransDate': datetime.date(2023, 6, 3), 'BankAcct': 20000001, 'Amount': 2100.0}






{"Error":"Customer does not exist"}
{'CustId': '31746', 'TransactionRef': 'imported', 'TransDate': datetime.date(2023, 6, 3), 'BankAcct': 20000001, 'Amount': 2100.0}






{"Error":"Customer does not exist"}
{'CustId': '31746', 'TransactionRef': 'imported', 'TransDate': datetime.date(2023, 6, 3), 'BankAcct': 20000001, 'Amount': 2100.0}






{"Error":"Customer does not exist"}
{'CustId': '31746', 'TransactionRef': 'imported', 'TransDate': datetime.date(2023, 6, 3), 'BankAcct': 20000001, 'Amount': 2100.0}






{"Error":"Customer does not exist"}
{'CustId': '31746', 'TransactionRef': 'imported', 'TransDate': datetime.date(2023, 6, 3), 'BankAcct': 20000001, 'Amount': 2100.0}






{"Error":"Customer does not exist"}
{'CustId': '31746', 'TransactionRef': 'imported', 'TransDate': datetime.date(2023, 6, 3), 'BankAcct': 20000001, 'Amount': 2100.0}






{"Error":"Customer does not exist"}
{'CustId': '31746', 'TransactionRef': 'imported', 'TransDate': datetime.date(2023, 6, 3), 'BankAcct': 20000001, 'Amount': 2100.0}






{"Error":"Customer does not exist"}
{'CustId': '31746', 'TransactionRef': 'imported', 'TransDate': datetime.date(2023, 6, 3), 'BankAcct': 20000001, 'Amount': 2100.0}






{"Error":"Customer does not exist"}
{'CustId': '31746', 'TransactionRef': 'imported', 'TransDate': datetime.date(2023, 6, 3), 'BankAcct': 20000001, 'Amount': 2100.0}






{"Error":"Customer does not exist"}
{'CustId': '31746', 'TransactionRef': 'imported', 'TransDate': datetime.date(2023, 6, 3), 'BankAcct': 20000001, 'Amount': 2100.0}






{"Error":"Customer does not exist"}
{'CustId': '31746', 'TransactionRef': 'imported', 'TransDate': datetime.date(2023, 6, 3), 'BankAcct': 20000001, 'Amount': 2100.0}






{"Error":"Customer does not exist"}
{'CustId': '31746', 'TransactionRef': 'imported', 'TransDate': datetime.date(2023, 6, 3), 'BankAcct': 20000001, 'Amount': 2100.0}






{"Error":"Customer does not exist"}
{'CustId': '31746', 'TransactionRef': 'imported', 'TransDate': datetime.date(2023, 6, 3), 'BankAcct': 20000001, 'Amount': 2100.0}






{"Error":"Customer does not exist"}
{'CustId': '31746', 'TransactionRef': 'imported', 'TransDate': datetime.date(2023, 6, 3), 'BankAcct': 20000001, 'Amount': 2100.0}






{"Error":"Customer does not exist"}
{'CustId': '31746', 'TransactionRef': 'imported', 'TransDate': datetime.date(2023, 6, 3), 'BankAcct': 20000001, 'Amount': 2100.0}






{"Error":"Customer does not exist"}
{'CustId': '31746', 'TransactionRef': 'imported', 'TransDate': datetime.date(2023, 6, 3), 'BankAcct': 20000001, 'Amount': 2100.0}






{"Error":"Customer does not exist"}
{'CustId': '31746', 'TransactionRef': 'imported', 'TransDate': datetime.date(2023, 6, 3), 'BankAcct': 20000001, 'Amount': 2100.0}






{"Error":"Customer does not exist"}
{'CustId': '31746', 'TransactionRef': 'imported', 'TransDate': datetime.date(2023, 6, 3), 'BankAcct': 20000001, 'Amount': 2100.0}






{"Error":"Customer does not exist"}
{'CustId': '31746', 'TransactionRef': 'imported', 'TransDate': datetime.date(2023, 6, 3), 'BankAcct': 20000001, 'Amount': 2100.0}






{"Error":"Customer does not exist"}
{'CustId': '31746', 'TransactionRef': 'imported', 'TransDate': datetime.date(2023, 6, 3), 'BankAcct': 20000001, 'Amount': 2100.0}






{"Error":"Customer does not exist"}
{'CustId': '31746', 'TransactionRef': 'imported', 'TransDate': datetime.date(2023, 6, 3), 'BankAcct': 20000001, 'Amount': 2100.0}






{"Error":"Customer does not exist"}
{'CustId': '31746', 'TransactionRef': 'imported', 'TransDate': datetime.date(2023, 6, 3), 'BankAcct': 20000001, 'Amount': 2100.0}






{"Error":"Customer does not exist"}
{'CustId': '31746', 'TransactionRef': 'imported', 'TransDate': datetime.date(2023, 6, 3), 'BankAcct': 20000001, 'Amount': 2100.0}






{"Error":"Customer does not exist"}
{'CustId': '31746', 'TransactionRef': 'imported', 'TransDate': datetime.date(2023, 6, 3), 'BankAcct': 20000001, 'Amount': 2100.0}






{"Error":"Customer does not exist"}
{'CustId': '31746', 'TransactionRef': 'imported', 'TransDate': datetime.date(2023, 6, 3), 'BankAcct': 20000001, 'Amount': 2100.0}






{"Error":"Customer does not exist"}
{'CustId': '31746', 'TransactionRef': 'imported', 'TransDate': datetime.date(2023, 6, 3), 'BankAcct': 20000001, 'Amount': 2100.0}






{"Error":"Customer does not exist"}
{'CustId': '31746', 'TransactionRef': 'imported', 'TransDate': datetime.date(2023, 6, 3), 'BankAcct': 20000001, 'Amount': 2100.0}






{"Error":"Customer does not exist"}
{'CustId': '31746', 'TransactionRef': 'imported', 'TransDate': datetime.date(2023, 6, 3), 'BankAcct': 20000001, 'Amount': 2100.0}






{"Error":"Customer does not exist"}
{'CustId': '31746', 'TransactionRef': 'imported', 'TransDate': datetime.date(2023, 6, 3), 'BankAcct': 20000001, 'Amount': 2100.0}






{"Error":"Customer does not exist"}
{'CustId': '31746', 'TransactionRef': 'imported', 'TransDate': datetime.date(2023, 6, 3), 'BankAcct': 20000001, 'Amount': 2100.0}






{"Error":"Customer does not exist"}
{'CustId': '31746', 'TransactionRef': 'imported', 'TransDate': datetime.date(2023, 6, 3), 'BankAcct': 20000001, 'Amount': 2100.0}






{"Error":"Customer does not exist"}
{'CustId': '31746', 'TransactionRef': 'imported', 'TransDate': datetime.date(2023, 6, 3), 'BankAcct': 20000001, 'Amount': 2100.0}






{"Error":"Customer does not exist"}
{'CustId': '31746', 'TransactionRef': 'imported', 'TransDate': datetime.date(2023, 6, 3), 'BankAcct': 20000001, 'Amount': 2100.0}






{"Error":"Customer does not exist"}
{'CustId': '31746', 'TransactionRef': 'imported', 'TransDate': datetime.date(2023, 6, 3), 'BankAcct': 20000001, 'Amount': 2100.0}






{"Error":"Customer does not exist"}
{'CustId': '31746', 'TransactionRef': 'imported', 'TransDate': datetime.date(2023, 6, 3), 'BankAcct': 20000001, 'Amount': 2100.0}






{"Error":"Customer does not exist"}
{'CustId': '31746', 'TransactionRef': 'imported', 'TransDate': datetime.date(2023, 6, 3), 'BankAcct': 20000001, 'Amount': 2100.0}






{"Error":"Customer does not exist"}
{'CustId': '31746', 'TransactionRef': 'imported', 'TransDate': datetime.date(2023, 6, 3), 'BankAcct': 20000001, 'Amount': 2100.0}






{"Error":"Customer does not exist"}
{'CustId': '31746', 'TransactionRef': 'imported', 'TransDate': datetime.date(2023, 6, 3), 'BankAcct': 20000001, 'Amount': 2100.0}






{"Error":"Customer does not exist"}
{'CustId': '31746', 'TransactionRef': 'imported', 'TransDate': datetime.date(2023, 6, 3), 'BankAcct': 20000001, 'Amount': 2100.0}






{"Error":"Customer does not exist"}
{'CustId': '31746', 'TransactionRef': 'imported', 'TransDate': datetime.date(2023, 6, 3), 'BankAcct': 20000001, 'Amount': 2100.0}






{"Error":"Customer does not exist"}
{'CustId': '31746', 'TransactionRef': 'imported', 'TransDate': datetime.date(2023, 6, 3), 'BankAcct': 20000001, 'Amount': 2100.0}






{"Error":"Customer does not exist"}
{'CustId': '31746', 'TransactionRef': 'imported', 'TransDate': datetime.date(2023, 6, 3), 'BankAcct': 20000001, 'Amount': 2100.0}






{"Error":"Customer does not exist"}
{'CustId': '31746', 'TransactionRef': 'imported', 'TransDate': datetime.date(2023, 6, 3), 'BankAcct': 20000001, 'Amount': 2100.0}






{"Error":"Customer does not exist"}
{'CustId': '31746', 'TransactionRef': 'imported', 'TransDate': datetime.date(2023, 6, 3), 'BankAcct': 20000001, 'Amount': 2100.0}






{"Error":"Customer does not exist"}
{'CustId': '31746', 'TransactionRef': 'imported', 'TransDate': datetime.date(2023, 6, 3), 'BankAcct': 20000001, 'Amount': 2100.0}






{"Error":"Customer does not exist"}
{'CustId': '31746', 'TransactionRef': 'imported', 'TransDate': datetime.date(2023, 6, 3), 'BankAcct': 20000001, 'Amount': 2100.0}






{"Error":"Customer does not exist"}
{'CustId': '31746', 'TransactionRef': 'imported', 'TransDate': datetime.date(2023, 6, 3), 'BankAcct': 20000001, 'Amount': 2100.0}






{"Error":"Customer does not exist"}
{'CustId': '31746', 'TransactionRef': 'imported', 'TransDate': datetime.date(2023, 6, 3), 'BankAcct': 20000001, 'Amount': 2100.0}






{"Error":"Customer does not exist"}
{'CustId': '31746', 'TransactionRef': 'imported', 'TransDate': datetime.date(2023, 6, 3), 'BankAcct': 20000001, 'Amount': 2100.0}






{"Error":"Customer does not exist"}
{'CustId': '31746', 'TransactionRef': 'imported', 'TransDate': datetime.date(2023, 6, 3), 'BankAcct': 20000001, 'Amount': 2100.0}






{"Error":"Customer does not exist"}
{'CustId': '31746', 'TransactionRef': 'imported', 'TransDate': datetime.date(2023, 6, 3), 'BankAcct': 20000001, 'Amount': 2100.0}






{"Error":"Customer does not exist"}
{'CustId': '31746', 'TransactionRef': 'imported', 'TransDate': datetime.date(2023, 6, 3), 'BankAcct': 20000001, 'Amount': 2100.0}






{"Error":"Customer does not exist"}
{'CustId': '31746', 'TransactionRef': 'imported', 'TransDate': datetime.date(2023, 6, 3), 'BankAcct': 20000001, 'Amount': 2100.0}






{"Error":"Customer does not exist"}
{'CustId': '31746', 'TransactionRef': 'imported', 'TransDate': datetime.date(2023, 6, 3), 'BankAcct': 20000001, 'Amount': 2100.0}






{"Error":"Customer does not exist"}
{'CustId': '31746', 'TransactionRef': 'imported', 'TransDate': datetime.date(2023, 6, 3), 'BankAcct': 20000001, 'Amount': 2100.0}






{"Error":"Customer does not exist"}
{'CustId': '31746', 'TransactionRef': 'imported', 'TransDate': datetime.date(2023, 6, 3), 'BankAcct': 20000001, 'Amount': 2100.0}






{"Error":"Customer does not exist"}
{'CustId': '31746', 'TransactionRef': 'imported', 'TransDate': datetime.date(2023, 6, 3), 'BankAcct': 20000001, 'Amount': 2100.0}






{"Error":"Customer does not exist"}
{'CustId': '31746', 'TransactionRef': 'imported', 'TransDate': datetime.date(2023, 6, 3), 'BankAcct': 20000001, 'Amount': 2100.0}






{"Error":"Customer does not exist"}
{'CustId': '31746', 'TransactionRef': 'imported', 'TransDate': datetime.date(2023, 6, 3), 'BankAcct': 20000001, 'Amount': 2100.0}






{"Error":"Customer does not exist"}
{'CustId': '31746', 'TransactionRef': 'imported', 'TransDate': datetime.date(2023, 6, 3), 'BankAcct': 20000001, 'Amount': 2100.0}






{"Error":"Customer does not exist"}
{'CustId': '31746', 'TransactionRef': 'imported', 'TransDate': datetime.date(2023, 6, 3), 'BankAcct': 20000001, 'Amount': 2100.0}






{"Error":"Customer does not exist"}
{'CustId': '31746', 'TransactionRef': 'imported', 'TransDate': datetime.date(2023, 6, 3), 'BankAcct': 20000001, 'Amount': 2100.0}






{"Error":"Customer does not exist"}
{'CustId': '31746', 'TransactionRef': 'imported', 'TransDate': datetime.date(2023, 6, 3), 'BankAcct': 20000001, 'Amount': 2100.0}






{"Error":"Customer does not exist"}
{'CustId': '31746', 'TransactionRef': 'imported', 'TransDate': datetime.date(2023, 6, 3), 'BankAcct': 20000001, 'Amount': 2100.0}






{"Error":"Customer does not exist"}
{'CustId': '31746', 'TransactionRef': 'imported', 'TransDate': datetime.date(2023, 6, 3), 'BankAcct': 20000001, 'Amount': 2100.0}






{"Error":"Customer does not exist"}
{'CustId': '31746', 'TransactionRef': 'imported', 'TransDate': datetime.date(2023, 6, 3), 'BankAcct': 20000001, 'Amount': 2100.0}






{"Error":"Customer does not exist"}
{'CustId': '31746', 'TransactionRef': 'imported', 'TransDate': datetime.date(2023, 6, 3), 'BankAcct': 20000001, 'Amount': 2100.0}






{"Error":"Customer does not exist"}
{'CustId': '31746', 'TransactionRef': 'imported', 'TransDate': datetime.date(2023, 6, 3), 'BankAcct': 20000001, 'Amount': 2100.0}






{"Error":"Customer does not exist"}
{'CustId': '31746', 'TransactionRef': 'imported', 'TransDate': datetime.date(2023, 6, 3), 'BankAcct': 20000001, 'Amount': 2100.0}






{"Error":"Customer does not exist"}
{'CustId': '31746', 'TransactionRef': 'imported', 'TransDate': datetime.date(2023, 6, 3), 'BankAcct': 20000001, 'Amount': 2100.0}






{"Error":"Customer does not exist"}
{'CustId': '31746', 'TransactionRef': 'imported', 'TransDate': datetime.date(2023, 6, 3), 'BankAcct': 20000001, 'Amount': 2100.0}






{"Error":"Customer does not exist"}
{'CustId': '31746', 'TransactionRef': 'imported', 'TransDate': datetime.date(2023, 6, 3), 'BankAcct': 20000001, 'Amount': 2100.0}






{"Error":"Customer does not exist"}
{'CustId': '31746', 'TransactionRef': 'imported', 'TransDate': datetime.date(2023, 6, 3), 'BankAcct': 20000001, 'Amount': 2100.0}






{"Error":"Customer does not exist"}
{'CustId': '31746', 'TransactionRef': 'imported', 'TransDate': datetime.date(2023, 6, 3), 'BankAcct': 20000001, 'Amount': 2100.0}






{"Error":"Customer does not exist"}
{'CustId': '31746', 'TransactionRef': 'imported', 'TransDate': datetime.date(2023, 6, 3), 'BankAcct': 20000001, 'Amount': 2100.0}






{"Error":"Customer does not exist"}
{'CustId': '31746', 'TransactionRef': 'imported', 'TransDate': datetime.date(2023, 6, 3), 'BankAcct': 20000001, 'Amount': 2100.0}






{"Error":"Customer does not exist"}
{'CustId': '31746', 'TransactionRef': 'imported', 'TransDate': datetime.date(2023, 6, 3), 'BankAcct': 20000001, 'Amount': 2100.0}






{"Error":"Customer does not exist"}
{'CustId': '31746', 'TransactionRef': 'imported', 'TransDate': datetime.date(2023, 6, 3), 'BankAcct': 20000001, 'Amount': 2100.0}






{"Error":"Customer does not exist"}
{'CustId': '31746', 'TransactionRef': 'imported', 'TransDate': datetime.date(2023, 6, 3), 'BankAcct': 20000001, 'Amount': 2100.0}






{"Error":"Customer does not exist"}
{'CustId': '31746', 'TransactionRef': 'imported', 'TransDate': datetime.date(2023, 6, 3), 'BankAcct': 20000001, 'Amount': 2100.0}






{"Error":"Customer does not exist"}
{'CustId': '31746', 'TransactionRef': 'imported', 'TransDate': datetime.date(2023, 6, 3), 'BankAcct': 20000001, 'Amount': 2100.0}






{"Error":"Customer does not exist"}
{'CustId': '31746', 'TransactionRef': 'imported', 'TransDate': datetime.date(2023, 6, 3), 'BankAcct': 20000001, 'Amount': 2100.0}






{"Error":"Customer does not exist"}
{'CustId': '31746', 'TransactionRef': 'imported', 'TransDate': datetime.date(2023, 6, 3), 'BankAcct': 20000001, 'Amount': 2100.0}






{"Error":"Customer does not exist"}
{'CustId': '31746', 'TransactionRef': 'imported', 'TransDate': datetime.date(2023, 6, 3), 'BankAcct': 20000001, 'Amount': 2100.0}






{"Error":"Customer does not exist"}
{'CustId': '31746', 'TransactionRef': 'imported', 'TransDate': datetime.date(2023, 6, 3), 'BankAcct': 20000001, 'Amount': 2100.0}






{"Error":"Customer does not exist"}
{'CustId': '31746', 'TransactionRef': 'imported', 'TransDate': datetime.date(2023, 6, 3), 'BankAcct': 20000001, 'Amount': 2100.0}






{"Error":"Customer does not exist"}
{'CustId': '31746', 'TransactionRef': 'imported', 'TransDate': datetime.date(2023, 6, 3), 'BankAcct': 20000001, 'Amount': 2100.0}






{"Error":"Customer does not exist"}
{'CustId': '31746', 'TransactionRef': 'imported', 'TransDate': datetime.date(2023, 6, 3), 'BankAcct': 20000001, 'Amount': 2100.0}






{"Error":"Customer does not exist"}
{'CustId': '31746', 'TransactionRef': 'imported', 'TransDate': datetime.date(2023, 6, 3), 'BankAcct': 20000001, 'Amount': 2100.0}






{"Error":"Customer does not exist"}
{'CustId': '31746', 'TransactionRef': 'imported', 'TransDate': datetime.date(2023, 6, 3), 'BankAcct': 20000001, 'Amount': 2100.0}






{"Error":"Customer does not exist"}
{'CustId': '31746', 'TransactionRef': 'imported', 'TransDate': datetime.date(2023, 6, 3), 'BankAcct': 20000001, 'Amount': 2100.0}






{"Error":"Customer does not exist"}
{'CustId': '31746', 'TransactionRef': 'imported', 'TransDate': datetime.date(2023, 6, 3), 'BankAcct': 20000001, 'Amount': 2100.0}






{"Error":"Customer does not exist"}
{'CustId': '31746', 'TransactionRef': 'imported', 'TransDate': datetime.date(2023, 6, 3), 'BankAcct': 20000001, 'Amount': 2100.0}






{"Error":"Customer does not exist"}
{'CustId': '31746', 'TransactionRef': 'imported', 'TransDate': datetime.date(2023, 6, 3), 'BankAcct': 20000001, 'Amount': 2100.0}






{"Error":"Customer does not exist"}
{'CustId': '31746', 'TransactionRef': 'imported', 'TransDate': datetime.date(2023, 6, 3), 'BankAcct': 20000001, 'Amount': 2100.0}






{"Error":"Customer does not exist"}
{'CustId': '31746', 'TransactionRef': 'imported', 'TransDate': datetime.date(2023, 6, 3), 'BankAcct': 20000001, 'Amount': 2100.0}






{"Error":"Customer does not exist"}
{'CustId': '31746', 'TransactionRef': 'imported', 'TransDate': datetime.date(2023, 6, 3), 'BankAcct': 20000001, 'Amount': 2100.0}






{"Error":"Customer does not exist"}
{'CustId': '31746', 'TransactionRef': 'imported', 'TransDate': datetime.date(2023, 6, 3), 'BankAcct': 20000001, 'Amount': 2100.0}






{"Error":"Customer does not exist"}
{'CustId': '31746', 'TransactionRef': 'imported', 'TransDate': datetime.date(2023, 6, 3), 'BankAcct': 20000001, 'Amount': 2100.0}






{"Error":"Customer does not exist"}
{'CustId': '31746', 'TransactionRef': 'imported', 'TransDate': datetime.date(2023, 6, 3), 'BankAcct': 20000001, 'Amount': 2100.0}






{"Error":"Customer does not exist"}
{'CustId': '31746', 'TransactionRef': 'imported', 'TransDate': datetime.date(2023, 6, 3), 'BankAcct': 20000001, 'Amount': 2100.0}






{"Error":"Customer does not exist"}
{'CustId': '31746', 'TransactionRef': 'imported', 'TransDate': datetime.date(2023, 6, 3), 'BankAcct': 20000001, 'Amount': 2100.0}






{"Error":"Customer does not exist"}
{'CustId': '31746', 'TransactionRef': 'imported', 'TransDate': datetime.date(2023, 6, 3), 'BankAcct': 20000001, 'Amount': 2100.0}






{"Error":"Customer does not exist"}
{'CustId': '31746', 'TransactionRef': 'imported', 'TransDate': datetime.date(2023, 6, 3), 'BankAcct': 20000001, 'Amount': 2100.0}






{"Error":"Customer does not exist"}
{'CustId': '31746', 'TransactionRef': 'imported', 'TransDate': datetime.date(2023, 6, 3), 'BankAcct': 20000001, 'Amount': 2100.0}






{"Error":"Customer does not exist"}
{'CustId': '31746', 'TransactionRef': 'imported', 'TransDate': datetime.date(2023, 6, 3), 'BankAcct': 20000001, 'Amount': 2100.0}






{"Error":"Customer does not exist"}
{'CustId': '31746', 'TransactionRef': 'imported', 'TransDate': datetime.date(2023, 6, 3), 'BankAcct': 20000001, 'Amount': 2100.0}






{"Error":"Customer does not exist"}
{'CustId': '31746', 'TransactionRef': 'imported', 'TransDate': datetime.date(2023, 6, 3), 'BankAcct': 20000001, 'Amount': 2100.0}






{"Error":"Customer does not exist"}
{'CustId': '31746', 'TransactionRef': 'imported', 'TransDate': datetime.date(2023, 6, 3), 'BankAcct': 20000001, 'Amount': 2100.0}






{"Error":"Customer does not exist"}
{'CustId': '31746', 'TransactionRef': 'imported', 'TransDate': datetime.date(2023, 6, 3), 'BankAcct': 20000001, 'Amount': 2100.0}






{"Error":"Customer does not exist"}
{'CustId': '31746', 'TransactionRef': 'imported', 'TransDate': datetime.date(2023, 6, 3), 'BankAcct': 20000001, 'Amount': 2100.0}






{"Error":"Customer does not exist"}
{'CustId': '31746', 'TransactionRef': 'imported', 'TransDate': datetime.date(2023, 6, 3), 'BankAcct': 20000001, 'Amount': 2100.0}






{"Error":"Customer does not exist"}
{'CustId': '31746', 'TransactionRef': 'imported', 'TransDate': datetime.date(2023, 6, 3), 'BankAcct': 20000001, 'Amount': 2100.0}






{"Error":"Customer does not exist"}
{'CustId': '31746', 'TransactionRef': 'imported', 'TransDate': datetime.date(2023, 6, 3), 'BankAcct': 20000001, 'Amount': 2100.0}






{"Error":"Customer does not exist"}
{'CustId': '31746', 'TransactionRef': 'imported', 'TransDate': datetime.date(2023, 6, 3), 'BankAcct': 20000001, 'Amount': 2100.0}






{"Error":"Customer does not exist"}
{'CustId': '31746', 'TransactionRef': 'imported', 'TransDate': datetime.date(2023, 6, 3), 'BankAcct': 20000001, 'Amount': 2100.0}






{"Error":"Customer does not exist"}
{'CustId': '31746', 'TransactionRef': 'imported', 'TransDate': datetime.date(2023, 6, 3), 'BankAcct': 20000001, 'Amount': 2100.0}






{"Error":"Customer does not exist"}
{'CustId': '31746', 'TransactionRef': 'imported', 'TransDate': datetime.date(2023, 6, 3), 'BankAcct': 20000001, 'Amount': 2100.0}






{"Error":"Customer does not exist"}
{'CustId': '31746', 'TransactionRef': 'imported', 'TransDate': datetime.date(2023, 6, 3), 'BankAcct': 20000001, 'Amount': 2100.0}






{"Error":"Customer does not exist"}
{'CustId': '31746', 'TransactionRef': 'imported', 'TransDate': datetime.date(2023, 6, 3), 'BankAcct': 20000001, 'Amount': 2100.0}






{"Error":"Customer does not exist"}
{'CustId': '31746', 'TransactionRef': 'imported', 'TransDate': datetime.date(2023, 6, 3), 'BankAcct': 20000001, 'Amount': 2100.0}






{"Error":"Customer does not exist"}
{'CustId': '31746', 'TransactionRef': 'imported', 'TransDate': datetime.date(2023, 6, 3), 'BankAcct': 20000001, 'Amount': 2100.0}






{"Error":"Customer does not exist"}
{'CustId': '31746', 'TransactionRef': 'imported', 'TransDate': datetime.date(2023, 6, 3), 'BankAcct': 20000001, 'Amount': 2100.0}






{"Error":"Customer does not exist"}
{'CustId': '31746', 'TransactionRef': 'imported', 'TransDate': datetime.date(2023, 6, 3), 'BankAcct': 20000001, 'Amount': 2100.0}






{"Error":"Customer does not exist"}
{'CustId': '31746', 'TransactionRef': 'imported', 'TransDate': datetime.date(2023, 6, 3), 'BankAcct': 20000001, 'Amount': 2100.0}






{"Error":"Customer does not exist"}
{'CustId': '31746', 'TransactionRef': 'imported', 'TransDate': datetime.date(2023, 6, 3), 'BankAcct': 20000001, 'Amount': 2100.0}






{"Error":"Customer does not exist"}
{'CustId': '31746', 'TransactionRef': 'imported', 'TransDate': datetime.date(2023, 6, 3), 'BankAcct': 20000001, 'Amount': 2100.0}






{"Error":"Customer does not exist"}
{'CustId': '31746', 'TransactionRef': 'imported', 'TransDate': datetime.date(2023, 6, 3), 'BankAcct': 20000001, 'Amount': 2100.0}






{"Error":"Customer does not exist"}
{'CustId': '31746', 'TransactionRef': 'imported', 'TransDate': datetime.date(2023, 6, 3), 'BankAcct': 20000001, 'Amount': 2100.0}






{"Error":"Customer does not exist"}
{'CustId': '31746', 'TransactionRef': 'imported', 'TransDate': datetime.date(2023, 6, 3), 'BankAcct': 20000001, 'Amount': 2100.0}






{"Error":"Customer does not exist"}
{'CustId': '31746', 'TransactionRef': 'imported', 'TransDate': datetime.date(2023, 6, 3), 'BankAcct': 20000001, 'Amount': 2100.0}






{"Error":"Customer does not exist"}
{'CustId': '31746', 'TransactionRef': 'imported', 'TransDate': datetime.date(2023, 6, 3), 'BankAcct': 20000001, 'Amount': 2100.0}






{"Error":"Customer does not exist"}
{'CustId': '31746', 'TransactionRef': 'imported', 'TransDate': datetime.date(2023, 6, 3), 'BankAcct': 20000001, 'Amount': 2100.0}






{"Error":"Customer does not exist"}
{'CustId': '31746', 'TransactionRef': 'imported', 'TransDate': datetime.date(2023, 6, 3), 'BankAcct': 20000001, 'Amount': 2100.0}






{"Error":"Customer does not exist"}
{'CustId': '31746', 'TransactionRef': 'imported', 'TransDate': datetime.date(2023, 6, 3), 'BankAcct': 20000001, 'Amount': 2100.0}






{"Error":"Customer does not exist"}
{'CustId': '31746', 'TransactionRef': 'imported', 'TransDate': datetime.date(2023, 6, 3), 'BankAcct': 20000001, 'Amount': 2100.0}






{"Error":"Customer does not exist"}
{'CustId': '31746', 'TransactionRef': 'imported', 'TransDate': datetime.date(2023, 6, 3), 'BankAcct': 20000001, 'Amount': 2100.0}






{"Error":"Customer does not exist"}
{'CustId': '31746', 'TransactionRef': 'imported', 'TransDate': datetime.date(2023, 6, 3), 'BankAcct': 20000001, 'Amount': 2100.0}






{"Error":"Customer does not exist"}
{'CustId': '31746', 'TransactionRef': 'imported', 'TransDate': datetime.date(2023, 6, 3), 'BankAcct': 20000001, 'Amount': 2100.0}






{"Error":"Customer does not exist"}
{'CustId': '31746', 'TransactionRef': 'imported', 'TransDate': datetime.date(2023, 6, 3), 'BankAcct': 20000001, 'Amount': 2100.0}






{"Error":"Customer does not exist"}
{'CustId': '31746', 'TransactionRef': 'imported', 'TransDate': datetime.date(2023, 6, 3), 'BankAcct': 20000001, 'Amount': 2100.0}






{"Error":"Customer does not exist"}
{'CustId': '31746', 'TransactionRef': 'imported', 'TransDate': datetime.date(2023, 6, 3), 'BankAcct': 20000001, 'Amount': 2100.0}






{"Error":"Customer does not exist"}
{'CustId': '31746', 'TransactionRef': 'imported', 'TransDate': datetime.date(2023, 6, 3), 'BankAcct': 20000001, 'Amount': 2100.0}






{"Error":"Customer does not exist"}
{'CustId': '31746', 'TransactionRef': 'imported', 'TransDate': datetime.date(2023, 6, 3), 'BankAcct': 20000001, 'Amount': 2100.0}






{"Error":"Customer does not exist"}
{'CustId': '31746', 'TransactionRef': 'imported', 'TransDate': datetime.date(2023, 6, 3), 'BankAcct': 20000001, 'Amount': 2100.0}






{"Error":"Customer does not exist"}
{'CustId': '31746', 'TransactionRef': 'imported', 'TransDate': datetime.date(2023, 6, 3), 'BankAcct': 20000001, 'Amount': 2100.0}






{"Error":"Customer does not exist"}
{'CustId': '31746', 'TransactionRef': 'imported', 'TransDate': datetime.date(2023, 6, 3), 'BankAcct': 20000001, 'Amount': 2100.0}






{"Error":"Customer does not exist"}
{'CustId': '31746', 'TransactionRef': 'imported', 'TransDate': datetime.date(2023, 6, 3), 'BankAcct': 20000001, 'Amount': 2100.0}






{"Error":"Customer does not exist"}
{'CustId': '31746', 'TransactionRef': 'imported', 'TransDate': datetime.date(2023, 6, 3), 'BankAcct': 20000001, 'Amount': 2100.0}






{"Error":"Customer does not exist"}
{'CustId': '31746', 'TransactionRef': 'imported', 'TransDate': datetime.date(2023, 6, 3), 'BankAcct': 20000001, 'Amount': 2100.0}






{"Error":"Customer does not exist"}
{'CustId': '31746', 'TransactionRef': 'imported', 'TransDate': datetime.date(2023, 6, 3), 'BankAcct': 20000001, 'Amount': 2100.0}






{"Error":"Customer does not exist"}
{'CustId': '31746', 'TransactionRef': 'imported', 'TransDate': datetime.date(2023, 6, 3), 'BankAcct': 20000001, 'Amount': 2100.0}






{"Error":"Customer does not exist"}
{'CustId': '31746', 'TransactionRef': 'imported', 'TransDate': datetime.date(2023, 6, 3), 'BankAcct': 20000001, 'Amount': 2100.0}






{"Error":"Customer does not exist"}
{'CustId': '31746', 'TransactionRef': 'imported', 'TransDate': datetime.date(2023, 6, 3), 'BankAcct': 20000001, 'Amount': 2100.0}






{"Error":"Customer does not exist"}
{'CustId': '31746', 'TransactionRef': 'imported', 'TransDate': datetime.date(2023, 6, 3), 'BankAcct': 20000001, 'Amount': 2100.0}






{"Error":"Customer does not exist"}
{'CustId': '31746', 'TransactionRef': 'imported', 'TransDate': datetime.date(2023, 6, 3), 'BankAcct': 20000001, 'Amount': 2100.0}






{"Error":"Customer does not exist"}
{'CustId': '31746', 'TransactionRef': 'imported', 'TransDate': datetime.date(2023, 6, 3), 'BankAcct': 20000001, 'Amount': 2100.0}






{"Error":"Customer does not exist"}
{'CustId': '31746', 'TransactionRef': 'imported', 'TransDate': datetime.date(2023, 6, 3), 'BankAcct': 20000001, 'Amount': 2100.0}






{"Error":"Customer does not exist"}
{'CustId': '31746', 'TransactionRef': 'imported', 'TransDate': datetime.date(2023, 6, 3), 'BankAcct': 20000001, 'Amount': 2100.0}






{"Error":"Customer does not exist"}
{'CustId': '31746', 'TransactionRef': 'imported', 'TransDate': datetime.date(2023, 6, 3), 'BankAcct': 20000001, 'Amount': 2100.0}






{"Error":"Customer does not exist"}
{'CustId': '31746', 'TransactionRef': 'imported', 'TransDate': datetime.date(2023, 6, 3), 'BankAcct': 20000001, 'Amount': 2100.0}






{"Error":"Customer does not exist"}
{'CustId': '31746', 'TransactionRef': 'imported', 'TransDate': datetime.date(2023, 6, 3), 'BankAcct': 20000001, 'Amount': 2100.0}






{"Error":"Customer does not exist"}
{'CustId': '31746', 'TransactionRef': 'imported', 'TransDate': datetime.date(2023, 6, 3), 'BankAcct': 20000001, 'Amount': 2100.0}






{"Error":"Customer does not exist"}
{'CustId': '31746', 'TransactionRef': 'imported', 'TransDate': datetime.date(2023, 6, 3), 'BankAcct': 20000001, 'Amount': 2100.0}






{"Error":"Customer does not exist"}
{'CustId': '31746', 'TransactionRef': 'imported', 'TransDate': datetime.date(2023, 6, 3), 'BankAcct': 20000001, 'Amount': 2100.0}






{"Error":"Customer does not exist"}
{'CustId': '31746', 'TransactionRef': 'imported', 'TransDate': datetime.date(2023, 6, 3), 'BankAcct': 20000001, 'Amount': 2100.0}






{"Error":"Customer does not exist"}
{'CustId': '31746', 'TransactionRef': 'imported', 'TransDate': datetime.date(2023, 6, 3), 'BankAcct': 20000001, 'Amount': 2100.0}






{"Error":"Customer does not exist"}
{'CustId': '31746', 'TransactionRef': 'imported', 'TransDate': datetime.date(2023, 6, 3), 'BankAcct': 20000001, 'Amount': 2100.0}






{"Error":"Customer does not exist"}
{'CustId': '31746', 'TransactionRef': 'imported', 'TransDate': datetime.date(2023, 6, 3), 'BankAcct': 20000001, 'Amount': 2100.0}






{"Error":"Customer does not exist"}
{'CustId': '31746', 'TransactionRef': 'imported', 'TransDate': datetime.date(2023, 6, 3), 'BankAcct': 20000001, 'Amount': 2100.0}






{"Error":"Customer does not exist"}
{'CustId': '31746', 'TransactionRef': 'imported', 'TransDate': datetime.date(2023, 6, 3), 'BankAcct': 20000001, 'Amount': 2100.0}






{"Error":"Customer does not exist"}
{'CustId': '31746', 'TransactionRef': 'imported', 'TransDate': datetime.date(2023, 6, 3), 'BankAcct': 20000001, 'Amount': 2100.0}






{"Error":"Customer does not exist"}
{'CustId': '31746', 'TransactionRef': 'imported', 'TransDate': datetime.date(2023, 6, 3), 'BankAcct': 20000001, 'Amount': 2100.0}






{"Error":"Customer does not exist"}
{'CustId': '31746', 'TransactionRef': 'imported', 'TransDate': datetime.date(2023, 6, 3), 'BankAcct': 20000001, 'Amount': 2100.0}






{"Error":"Customer does not exist"}
{'CustId': '31746', 'TransactionRef': 'imported', 'TransDate': datetime.date(2023, 6, 3), 'BankAcct': 20000001, 'Amount': 2100.0}






{"Error":"Customer does not exist"}
{'CustId': '31746', 'TransactionRef': 'imported', 'TransDate': datetime.date(2023, 6, 3), 'BankAcct': 20000001, 'Amount': 2100.0}






{"Error":"Customer does not exist"}
{'CustId': '31746', 'TransactionRef': 'imported', 'TransDate': datetime.date(2023, 6, 3), 'BankAcct': 20000001, 'Amount': 2100.0}






{"Error":"Customer does not exist"}
{'CustId': '31746', 'TransactionRef': 'imported', 'TransDate': datetime.date(2023, 6, 3), 'BankAcct': 20000001, 'Amount': 2100.0}






{"Error":"Customer does not exist"}
{'CustId': '31746', 'TransactionRef': 'imported', 'TransDate': datetime.date(2023, 6, 3), 'BankAcct': 20000001, 'Amount': 2100.0}






{"Error":"Customer does not exist"}
{'CustId': '31746', 'TransactionRef': 'imported', 'TransDate': datetime.date(2023, 6, 3), 'BankAcct': 20000001, 'Amount': 2100.0}






{"Error":"Customer does not exist"}
{'CustId': '31746', 'TransactionRef': 'imported', 'TransDate': datetime.date(2023, 6, 3), 'BankAcct': 20000001, 'Amount': 2100.0}






{"Error":"Customer does not exist"}
{'CustId': '31746', 'TransactionRef': 'imported', 'TransDate': datetime.date(2023, 6, 3), 'BankAcct': 20000001, 'Amount': 2100.0}






{"Error":"Customer does not exist"}
{'CustId': '31746', 'TransactionRef': 'imported', 'TransDate': datetime.date(2023, 6, 3), 'BankAcct': 20000001, 'Amount': 2100.0}






{"Error":"Customer does not exist"}
{'CustId': '31746', 'TransactionRef': 'imported', 'TransDate': datetime.date(2023, 6, 3), 'BankAcct': 20000001, 'Amount': 2100.0}






{"Error":"Customer does not exist"}
{'CustId': '31746', 'TransactionRef': 'imported', 'TransDate': datetime.date(2023, 6, 3), 'BankAcct': 20000001, 'Amount': 2100.0}






{"Error":"Customer does not exist"}
{'CustId': '31746', 'TransactionRef': 'imported', 'TransDate': datetime.date(2023, 6, 3), 'BankAcct': 20000001, 'Amount': 2100.0}






{"Error":"Customer does not exist"}
{'CustId': '31746', 'TransactionRef': 'imported', 'TransDate': datetime.date(2023, 6, 3), 'BankAcct': 20000001, 'Amount': 2100.0}






{"Error":"Customer does not exist"}
{'CustId': '31746', 'TransactionRef': 'imported', 'TransDate': datetime.date(2023, 6, 3), 'BankAcct': 20000001, 'Amount': 2100.0}






{"Error":"Customer does not exist"}
{'CustId': '31746', 'TransactionRef': 'imported', 'TransDate': datetime.date(2023, 6, 3), 'BankAcct': 20000001, 'Amount': 2100.0}






{"Error":"Customer does not exist"}
{'CustId': '31746', 'TransactionRef': 'imported', 'TransDate': datetime.date(2023, 6, 3), 'BankAcct': 20000001, 'Amount': 2100.0}






{"Error":"Customer does not exist"}
{'CustId': '31746', 'TransactionRef': 'imported', 'TransDate': datetime.date(2023, 6, 3), 'BankAcct': 20000001, 'Amount': 2100.0}






{"Error":"Customer does not exist"}
{'CustId': '31746', 'TransactionRef': 'imported', 'TransDate': datetime.date(2023, 6, 3), 'BankAcct': 20000001, 'Amount': 2100.0}






{"Error":"Customer does not exist"}
{'CustId': '31746', 'TransactionRef': 'imported', 'TransDate': datetime.date(2023, 6, 3), 'BankAcct': 20000001, 'Amount': 2100.0}






{"Error":"Customer does not exist"}
{'CustId': '31746', 'TransactionRef': 'imported', 'TransDate': datetime.date(2023, 6, 3), 'BankAcct': 20000001, 'Amount': 2100.0}






{"Error":"Customer does not exist"}
{'CustId': '31746', 'TransactionRef': 'imported', 'TransDate': datetime.date(2023, 6, 3), 'BankAcct': 20000001, 'Amount': 2100.0}






{"Error":"Customer does not exist"}
{'CustId': '31746', 'TransactionRef': 'imported', 'TransDate': datetime.date(2023, 6, 3), 'BankAcct': 20000001, 'Amount': 2100.0}






{"Error":"Customer does not exist"}
{'CustId': '31746', 'TransactionRef': 'imported', 'TransDate': datetime.date(2023, 6, 3), 'BankAcct': 20000001, 'Amount': 2100.0}






{"Error":"Customer does not exist"}
{'CustId': '31746', 'TransactionRef': 'imported', 'TransDate': datetime.date(2023, 6, 3), 'BankAcct': 20000001, 'Amount': 2100.0}






{"Error":"Customer does not exist"}
{'CustId': '31746', 'TransactionRef': 'imported', 'TransDate': datetime.date(2023, 6, 3), 'BankAcct': 20000001, 'Amount': 2100.0}






{"Error":"Customer does not exist"}
{'CustId': '31746', 'TransactionRef': 'imported', 'TransDate': datetime.date(2023, 6, 3), 'BankAcct': 20000001, 'Amount': 2100.0}






{"Error":"Customer does not exist"}
{'CustId': '31746', 'TransactionRef': 'imported', 'TransDate': datetime.date(2023, 6, 3), 'BankAcct': 20000001, 'Amount': 2100.0}






{"Error":"Customer does not exist"}
{'CustId': '31746', 'TransactionRef': 'imported', 'TransDate': datetime.date(2023, 6, 3), 'BankAcct': 20000001, 'Amount': 2100.0}






{"Error":"Customer does not exist"}
{'CustId': '31746', 'TransactionRef': 'imported', 'TransDate': datetime.date(2023, 6, 3), 'BankAcct': 20000001, 'Amount': 2100.0}






{"Error":"Customer does not exist"}
{'CustId': '31746', 'TransactionRef': 'imported', 'TransDate': datetime.date(2023, 6, 3), 'BankAcct': 20000001, 'Amount': 2100.0}






{"Error":"Customer does not exist"}
{'CustId': '31746', 'TransactionRef': 'imported', 'TransDate': datetime.date(2023, 6, 3), 'BankAcct': 20000001, 'Amount': 2100.0}






{"Error":"Customer does not exist"}
{'CustId': '31746', 'TransactionRef': 'imported', 'TransDate': datetime.date(2023, 6, 3), 'BankAcct': 20000001, 'Amount': 2100.0}






{"Error":"Customer does not exist"}
{'CustId': '31746', 'TransactionRef': 'imported', 'TransDate': datetime.date(2023, 6, 3), 'BankAcct': 20000001, 'Amount': 2100.0}






{"Error":"Customer does not exist"}
{'CustId': '31746', 'TransactionRef': 'imported', 'TransDate': datetime.date(2023, 6, 3), 'BankAcct': 20000001, 'Amount': 2100.0}






{"Error":"Customer does not exist"}
{'CustId': '31746', 'TransactionRef': 'imported', 'TransDate': datetime.date(2023, 6, 3), 'BankAcct': 20000001, 'Amount': 2100.0}






{"Error":"Customer does not exist"}
{'CustId': '31746', 'TransactionRef': 'imported', 'TransDate': datetime.date(2023, 6, 3), 'BankAcct': 20000001, 'Amount': 2100.0}






{"Error":"Customer does not exist"}
{'CustId': '31746', 'TransactionRef': 'imported', 'TransDate': datetime.date(2023, 6, 3), 'BankAcct': 20000001, 'Amount': 2100.0}






{"Error":"Customer does not exist"}
{'CustId': '31746', 'TransactionRef': 'imported', 'TransDate': datetime.date(2023, 6, 3), 'BankAcct': 20000001, 'Amount': 2100.0}






{"Error":"Customer does not exist"}
{'CustId': '31746', 'TransactionRef': 'imported', 'TransDate': datetime.date(2023, 6, 3), 'BankAcct': 20000001, 'Amount': 2100.0}






{"Error":"Customer does not exist"}
{'CustId': '31746', 'TransactionRef': 'imported', 'TransDate': datetime.date(2023, 6, 3), 'BankAcct': 20000001, 'Amount': 2100.0}






{"Error":"Customer does not exist"}
{'CustId': '31746', 'TransactionRef': 'imported', 'TransDate': datetime.date(2023, 6, 3), 'BankAcct': 20000001, 'Amount': 2100.0}






{"Error":"Customer does not exist"}
{'CustId': '31746', 'TransactionRef': 'imported', 'TransDate': datetime.date(2023, 6, 3), 'BankAcct': 20000001, 'Amount': 2100.0}






{"Error":"Customer does not exist"}
{'CustId': '31746', 'TransactionRef': 'imported', 'TransDate': datetime.date(2023, 6, 3), 'BankAcct': 20000001, 'Amount': 2100.0}






{"Error":"Customer does not exist"}
{'CustId': '31746', 'TransactionRef': 'imported', 'TransDate': datetime.date(2023, 6, 3), 'BankAcct': 20000001, 'Amount': 2100.0}






{"Error":"Customer does not exist"}
{'CustId': '31746', 'TransactionRef': 'imported', 'TransDate': datetime.date(2023, 6, 3), 'BankAcct': 20000001, 'Amount': 2100.0}






{"Error":"Customer does not exist"}
{'CustId': '31746', 'TransactionRef': 'imported', 'TransDate': datetime.date(2023, 6, 3), 'BankAcct': 20000001, 'Amount': 2100.0}






{"Error":"Customer does not exist"}
{'CustId': '31746', 'TransactionRef': 'imported', 'TransDate': datetime.date(2023, 6, 3), 'BankAcct': 20000001, 'Amount': 2100.0}






{"Error":"Customer does not exist"}
{'CustId': '31746', 'TransactionRef': 'imported', 'TransDate': datetime.date(2023, 6, 3), 'BankAcct': 20000001, 'Amount': 2100.0}






{"Error":"Customer does not exist"}
{'CustId': '31746', 'TransactionRef': 'imported', 'TransDate': datetime.date(2023, 6, 3), 'BankAcct': 20000001, 'Amount': 2100.0}






{"Error":"Customer does not exist"}
{'CustId': '31746', 'TransactionRef': 'imported', 'TransDate': datetime.date(2023, 6, 3), 'BankAcct': 20000001, 'Amount': 2100.0}






{"Error":"Customer does not exist"}
{'CustId': '31746', 'TransactionRef': 'imported', 'TransDate': datetime.date(2023, 6, 3), 'BankAcct': 20000001, 'Amount': 2100.0}






{"Error":"Customer does not exist"}
{'CustId': '31746', 'TransactionRef': 'imported', 'TransDate': datetime.date(2023, 6, 3), 'BankAcct': 20000001, 'Amount': 2100.0}






{"Error":"Customer does not exist"}
{'CustId': '31746', 'TransactionRef': 'imported', 'TransDate': datetime.date(2023, 6, 3), 'BankAcct': 20000001, 'Amount': 2100.0}






{"Error":"Customer does not exist"}
{'CustId': '31746', 'TransactionRef': 'imported', 'TransDate': datetime.date(2023, 6, 3), 'BankAcct': 20000001, 'Amount': 2100.0}






{"Error":"Customer does not exist"}
{'CustId': '31746', 'TransactionRef': 'imported', 'TransDate': datetime.date(2023, 6, 3), 'BankAcct': 20000001, 'Amount': 2100.0}






{"Error":"Customer does not exist"}
{'CustId': '31746', 'TransactionRef': 'imported', 'TransDate': datetime.date(2023, 6, 3), 'BankAcct': 20000001, 'Amount': 2100.0}






{"Error":"Customer does not exist"}
{'CustId': '31746', 'TransactionRef': 'imported', 'TransDate': datetime.date(2023, 6, 3), 'BankAcct': 20000001, 'Amount': 2100.0}






{"Error":"Customer does not exist"}
{'CustId': '31746', 'TransactionRef': 'imported', 'TransDate': datetime.date(2023, 6, 3), 'BankAcct': 20000001, 'Amount': 2100.0}






{"Error":"Customer does not exist"}
{'CustId': '31746', 'TransactionRef': 'imported', 'TransDate': datetime.date(2023, 6, 3), 'BankAcct': 20000001, 'Amount': 2100.0}






{"Error":"Customer does not exist"}
{'CustId': '31746', 'TransactionRef': 'imported', 'TransDate': datetime.date(2023, 6, 3), 'BankAcct': 20000001, 'Amount': 2100.0}






{"Error":"Customer does not exist"}
{'CustId': '31746', 'TransactionRef': 'imported', 'TransDate': datetime.date(2023, 6, 3), 'BankAcct': 20000001, 'Amount': 2100.0}






{"Error":"Customer does not exist"}
{'CustId': '31746', 'TransactionRef': 'imported', 'TransDate': datetime.date(2023, 6, 3), 'BankAcct': 20000001, 'Amount': 2100.0}






{"Error":"Customer does not exist"}
{'CustId': '31746', 'TransactionRef': 'imported', 'TransDate': datetime.date(2023, 6, 3), 'BankAcct': 20000001, 'Amount': 2100.0}






{"Error":"Customer does not exist"}
{'CustId': '31746', 'TransactionRef': 'imported', 'TransDate': datetime.date(2023, 6, 3), 'BankAcct': 20000001, 'Amount': 2100.0}






{"Error":"Customer does not exist"}
{'CustId': '31746', 'TransactionRef': 'imported', 'TransDate': datetime.date(2023, 6, 3), 'BankAcct': 20000001, 'Amount': 2100.0}






{"Error":"Customer does not exist"}
{'CustId': '31746', 'TransactionRef': 'imported', 'TransDate': datetime.date(2023, 6, 3), 'BankAcct': 20000001, 'Amount': 2100.0}






{"Error":"Customer does not exist"}
{'CustId': '31746', 'TransactionRef': 'imported', 'TransDate': datetime.date(2023, 6, 3), 'BankAcct': 20000001, 'Amount': 2100.0}






{"Error":"Customer does not exist"}
{'CustId': '31746', 'TransactionRef': 'imported', 'TransDate': datetime.date(2023, 6, 3), 'BankAcct': 20000001, 'Amount': 2100.0}






{"Error":"Customer does not exist"}
{'CustId': '31746', 'TransactionRef': 'imported', 'TransDate': datetime.date(2023, 6, 3), 'BankAcct': 20000001, 'Amount': 2100.0}






{"Error":"Customer does not exist"}
{'CustId': '31746', 'TransactionRef': 'imported', 'TransDate': datetime.date(2023, 6, 3), 'BankAcct': 20000001, 'Amount': 2100.0}






{"Error":"Customer does not exist"}
{'CustId': '31746', 'TransactionRef': 'imported', 'TransDate': datetime.date(2023, 6, 3), 'BankAcct': 20000001, 'Amount': 2100.0}






{"Error":"Customer does not exist"}
{'CustId': '31746', 'TransactionRef': 'imported', 'TransDate': datetime.date(2023, 6, 3), 'BankAcct': 20000001, 'Amount': 2100.0}






{"Error":"Customer does not exist"}
{'CustId': '31746', 'TransactionRef': 'imported', 'TransDate': datetime.date(2023, 6, 3), 'BankAcct': 20000001, 'Amount': 2100.0}






{"Error":"Customer does not exist"}
{'CustId': '31746', 'TransactionRef': 'imported', 'TransDate': datetime.date(2023, 6, 3), 'BankAcct': 20000001, 'Amount': 2100.0}






{"Error":"Customer does not exist"}
{'CustId': '31746', 'TransactionRef': 'imported', 'TransDate': datetime.date(2023, 6, 3), 'BankAcct': 20000001, 'Amount': 2100.0}






{"Error":"Customer does not exist"}
{'CustId': '31746', 'TransactionRef': 'imported', 'TransDate': datetime.date(2023, 6, 3), 'BankAcct': 20000001, 'Amount': 2100.0}






{"Error":"Customer does not exist"}
{'CustId': '31746', 'TransactionRef': 'imported', 'TransDate': datetime.date(2023, 6, 3), 'BankAcct': 20000001, 'Amount': 2100.0}






{"Error":"Customer does not exist"}
{'CustId': '31746', 'TransactionRef': 'imported', 'TransDate': datetime.date(2023, 6, 3), 'BankAcct': 20000001, 'Amount': 2100.0}






{"Error":"Customer does not exist"}
{'CustId': '31746', 'TransactionRef': 'imported', 'TransDate': datetime.date(2023, 6, 3), 'BankAcct': 20000001, 'Amount': 2100.0}
Traceback (most recent call last):
  File "/usr/local/lib/python3.8/dist-packages/urllib3/connectionpool.py", line 703, in urlopen
    httplib_response = self._make_request(
  File "/usr/local/lib/python3.8/dist-packages/urllib3/connectionpool.py", line 449, in _make_request
    six.raise_from(e, None)
  File "<string>", line 3, in raise_from
  File "/usr/local/lib/python3.8/dist-packages/urllib3/connectionpool.py", line 444, in _make_request
    httplib_response = conn.getresponse()
  File "/usr/lib/python3.8/http/client.py", line 1348, in getresponse
    response.begin()
  File "/usr/lib/python3.8/http/client.py", line 316, in begin
    version, status, reason = self._read_status()
  File "/usr/lib/python3.8/http/client.py", line 285, in _read_status
    raise RemoteDisconnected("Remote end closed connection without"
http.client.RemoteDisconnected: Remote end closed connection without response

During handling of the above exception, another exception occurred:

Traceback (most recent call last):
  File "/usr/local/lib/python3.8/dist-packages/requests/adapters.py", line 489, in send
    resp = conn.urlopen(
  File "/usr/local/lib/python3.8/dist-packages/urllib3/connectionpool.py", line 787, in urlopen
    retries = retries.increment(
  File "/usr/local/lib/python3.8/dist-packages/urllib3/util/retry.py", line 550, in increment
    raise six.reraise(type(error), error, _stacktrace)
  File "/usr/local/lib/python3.8/dist-packages/urllib3/packages/six.py", line 769, in reraise
    raise value.with_traceback(tb)
  File "/usr/local/lib/python3.8/dist-packages/urllib3/connectionpool.py", line 703, in urlopen
    httplib_response = self._make_request(
  File "/usr/local/lib/python3.8/dist-packages/urllib3/connectionpool.py", line 449, in _make_request
    six.raise_from(e, None)
  File "<string>", line 3, in raise_from
  File "/usr/local/lib/python3.8/dist-packages/urllib3/connectionpool.py", line 444, in _make_request
    httplib_response = conn.getresponse()
  File "/usr/lib/python3.8/http/client.py", line 1348, in getresponse
    response.begin()
  File "/usr/lib/python3.8/http/client.py", line 316, in begin
    version, status, reason = self._read_status()
  File "/usr/lib/python3.8/http/client.py", line 285, in _read_status
    raise RemoteDisconnected("Remote end closed connection without"
urllib3.exceptions.ProtocolError: ('Connection aborted.', RemoteDisconnected('Remote end closed connection without response'))

During handling of the above exception, another exception occurred:

Traceback (most recent call last):
  File "/var/www/html/property-rivercourt/receipt_sync.py", line 68, in <module>
    response = requests.post(url, data=json_data, headers=headers)
  File "/usr/local/lib/python3.8/dist-packages/requests/api.py", line 115, in post
    return request("post", url, data=data, json=json, **kwargs)
  File "/usr/local/lib/python3.8/dist-packages/requests/api.py", line 59, in request
    return session.request(method=method, url=url, **kwargs)
  File "/usr/local/lib/python3.8/dist-packages/requests/sessions.py", line 587, in request
    resp = self.send(prep, **send_kwargs)
  File "/usr/local/lib/python3.8/dist-packages/requests/sessions.py", line 701, in send
    r = adapter.send(request, **kwargs)
  File "/usr/local/lib/python3.8/dist-packages/requests/adapters.py", line 547, in send
    raise ConnectionError(err, request=request)
requests.exceptions.ConnectionError: ('Connection aborted.', RemoteDisconnected('Remote end closed connection without response'))






{"Error":"Customer does not exist"}






{"Error":"Customer does not exist"}






{"Error":"Customer does not exist"}






{"Error":"Customer does not exist"}






{"Error":"Customer does not exist"}






{"Error":"Customer does not exist"}






{"Error":"Customer does not exist"}






{"Error":"Customer does not exist"}






{"Error":"Customer does not exist"}






{"Error":"Customer does not exist"}






{"Error":"Customer does not exist"}






{"Error":"Customer does not exist"}






{"Error":"Customer does not exist"}






{"Error":"Customer does not exist"}






{"Error":"Customer does not exist"}






{"Error":"Customer does not exist"}






{"Error":"Customer does not exist"}






{"Error":"Customer does not exist"}






{"Error":"Customer does not exist"}






{"Error":"Customer does not exist"}






{"Error":"Customer does not exist"}






{"Error":"Customer does not exist"}






{"Error":"Customer does not exist"}






{"Error":"Customer does not exist"}






{"Error":"Customer does not exist"}






{"Error":"Customer does not exist"}






{"Error":"Customer does not exist"}






{"Error":"Customer does not exist"}






{"Error":"Customer does not exist"}






{"Error":"Customer does not exist"}






{"Error":"Customer does not exist"}






{"Error":"Customer does not exist"}






{"Error":"Customer does not exist"}






{"Error":"Customer does not exist"}






{"Error":"Customer does not exist"}






{"Error":"Customer does not exist"}






{"Error":"Customer does not exist"}






{"Error":"Customer does not exist"}






{"Error":"Customer does not exist"}






{"Error":"Customer does not exist"}






{"Error":"Customer does not exist"}






{"Error":"Customer does not exist"}






{"Error":"Customer does not exist"}






{"Error":"Customer does not exist"}






{"Error":"Customer does not exist"}






{"Error":"Customer does not exist"}






{"Error":"Customer does not exist"}






{"Error":"Customer does not exist"}






{"Error":"Customer does not exist"}






{"Error":"Customer does not exist"}






{"Error":"Customer does not exist"}






{"Error":"Customer does not exist"}






{"Error":"Customer does not exist"}






{"Error":"Customer does not exist"}






{"Error":"Customer does not exist"}






{"Error":"Customer does not exist"}






{"Error":"Customer does not exist"}






{"Error":"Customer does not exist"}






{"Error":"Customer does not exist"}






{"Error":"Customer does not exist"}






{"Error":"Customer does not exist"}






{"Error":"Customer does not exist"}






{"Error":"Customer does not exist"}






{"Error":"Customer does not exist"}






{"Error":"Customer does not exist"}






{"Error":"Customer does not exist"}






{"Error":"Customer does not exist"}






{"Error":"Customer does not exist"}






{"Error":"Customer does not exist"}






{"Error":"Customer does not exist"}






{"Error":"Customer does not exist"}






{"Error":"Customer does not exist"}






{"Error":"Customer does not exist"}






{"Error":"Customer does not exist"}






{"Error":"Customer does not exist"}






{"Error":"Customer does not exist"}






{"Error":"Customer does not exist"}






{"Error":"Customer does not exist"}






{"Error":"Customer does not exist"}






{"Error":"Customer does not exist"}






{"Error":"Customer does not exist"}






{"Error":"Customer does not exist"}






{"Error":"Customer does not exist"}






{"Error":"Customer does not exist"}






{"Error":"Customer does not exist"}






{"Error":"Customer does not exist"}






{"Error":"Customer does not exist"}






{"Error":"Customer does not exist"}






{"Error":"Customer does not exist"}






{"Error":"Customer does not exist"}






{"Error":"Customer does not exist"}






{"Error":"Customer does not exist"}






{"Error":"Customer does not exist"}






{"Error":"Customer does not exist"}






{"Error":"Customer does not exist"}






{"Error":"Customer does not exist"}






{"Error":"Customer does not exist"}






{"Error":"Customer does not exist"}






{"Error":"Customer does not exist"}






{"Error":"Customer does not exist"}






{"Error":"Customer does not exist"}






{"Error":"Customer does not exist"}






{"Error":"Customer does not exist"}






{"Error":"Customer does not exist"}






{"Error":"Customer does not exist"}






{"Error":"Customer does not exist"}






{"Error":"Customer does not exist"}






{"Error":"Customer does not exist"}






{"Error":"Customer does not exist"}






{"Error":"Customer does not exist"}






{"Error":"Customer does not exist"}






{"Error":"Customer does not exist"}






{"Error":"Customer does not exist"}






{"Error":"Customer does not exist"}






{"Error":"Customer does not exist"}






{"Error":"Customer does not exist"}






{"Error":"Customer does not exist"}






{"Error":"Customer does not exist"}






{"Error":"Customer does not exist"}






{"Error":"Customer does not exist"}






{"Error":"Customer does not exist"}






{"Error":"Customer does not exist"}






{"Error":"Customer does not exist"}






{"Error":"Customer does not exist"}






{"Error":"Customer does not exist"}






{"Error":"Customer does not exist"}






{"Error":"Customer does not exist"}






{"Error":"Customer does not exist"}






{"Error":"Customer does not exist"}






{"Error":"Customer does not exist"}






{"Error":"Customer does not exist"}






{"Error":"Customer does not exist"}






{"Error":"Customer does not exist"}






{"Error":"Customer does not exist"}






{"Error":"Customer does not exist"}






{"Error":"Customer does not exist"}






{"Error":"Customer does not exist"}






{"Error":"Customer does not exist"}






{"Error":"Customer does not exist"}






{"Error":"Customer does not exist"}






{"Error":"Customer does not exist"}






{"Error":"Customer does not exist"}






{"Error":"Customer does not exist"}






{"Error":"Customer does not exist"}






{"Error":"Customer does not exist"}






{"Error":"Customer does not exist"}






{"Error":"Customer does not exist"}






{"Error":"Customer does not exist"}






{"Error":"Customer does not exist"}






{"Error":"Customer does not exist"}






{"Error":"Customer does not exist"}






{"Error":"Customer does not exist"}






{"Error":"Customer does not exist"}






{"Error":"Customer does not exist"}






{"Error":"Customer does not exist"}






{"Error":"Customer does not exist"}






{"Error":"Customer does not exist"}






{"Error":"Customer does not exist"}






{"Error":"Customer does not exist"}






{"Error":"Customer does not exist"}






{"Error":"Customer does not exist"}






{"Error":"Customer does not exist"}






{"Error":"Customer does not exist"}






{"Error":"Customer does not exist"}






{"Error":"Customer does not exist"}






{"Error":"Customer does not exist"}






{"Error":"Customer does not exist"}






{"Error":"Customer does not exist"}






{"Error":"Customer does not exist"}






{"Error":"Customer does not exist"}






{"Error":"Customer does not exist"}






{"Error":"Customer does not exist"}






{"Error":"Customer does not exist"}






{"Error":"Customer does not exist"}






{"Error":"Customer does not exist"}






{"Error":"Customer does not exist"}






{"Error":"Customer does not exist"}






{"Error":"Customer does not exist"}






{"Error":"Customer does not exist"}






{"Error":"Customer does not exist"}






{"Error":"Customer does not exist"}






{"Error":"Customer does not exist"}






{"Error":"Customer does not exist"}






{"Error":"Customer does not exist"}






{"Error":"Customer does not exist"}






{"Error":"Customer does not exist"}






{"Error":"Customer does not exist"}






{"Error":"Customer does not exist"}






{"Error":"Customer does not exist"}






{"Error":"Customer does not exist"}






{"Error":"Customer does not exist"}






{"Error":"Customer does not exist"}






{"Error":"Customer does not exist"}






{"Error":"Customer does not exist"}






{"Error":"Customer does not exist"}






{"Error":"Customer does not exist"}






{"Error":"Customer does not exist"}






{"Error":"Customer does not exist"}






{"Error":"Customer does not exist"}






{"Error":"Customer does not exist"}






{"Error":"Customer does not exist"}






{"Error":"Customer does not exist"}






{"Error":"Customer does not exist"}






{"Error":"Customer does not exist"}






{"Error":"Customer does not exist"}






{"Error":"Customer does not exist"}






{"Error":"Customer does not exist"}






{"Error":"Customer does not exist"}






{"Error":"Customer does not exist"}






{"Error":"Customer does not exist"}






{"Error":"Customer does not exist"}






{"Error":"Customer does not exist"}






{"Error":"Customer does not exist"}






{"Error":"Customer does not exist"}






{"Error":"Customer does not exist"}






{"Error":"Customer does not exist"}






{"Error":"Customer does not exist"}






{"Error":"Customer does not exist"}






{"Error":"Customer does not exist"}






{"Error":"Customer does not exist"}






{"Error":"Customer does not exist"}






{"Error":"Customer does not exist"}






{"Error":"Customer does not exist"}






{"Error":"Customer does not exist"}






{"Error":"Customer does not exist"}






{"Error":"Customer does not exist"}






{"Error":"Customer does not exist"}






{"Error":"Customer does not exist"}






{"Error":"Customer does not exist"}






{"Error":"Customer does not exist"}






{"Error":"Customer does not exist"}






{"Error":"Customer does not exist"}






{"Error":"Customer does not exist"}






{"Error":"Customer does not exist"}






{"Error":"Customer does not exist"}






{"Error":"Customer does not exist"}






{"Error":"Customer does not exist"}






{"Error":"Customer does not exist"}






{"Error":"Customer does not exist"}






{"Error":"Customer does not exist"}






{"Error":"Customer does not exist"}






{"Error":"Customer does not exist"}






{"Error":"Customer does not exist"}






{"Error":"Customer does not exist"}






{"Error":"Customer does not exist"}






{"Error":"Customer does not exist"}






{"Error":"Customer does not exist"}






{"Error":"Customer does not exist"}






{"Error":"Customer does not exist"}






{"Error":"Customer does not exist"}






{"Error":"Customer does not exist"}






{"Error":"Customer does not exist"}






{"Error":"Customer does not exist"}






{"Error":"Customer does not exist"}






{"Error":"Customer does not exist"}






{"Error":"Customer does not exist"}






{"Error":"Customer does not exist"}






{"Error":"Customer does not exist"}






{"Error":"Customer does not exist"}






{"Error":"Customer does not exist"}






{"Error":"Customer does not exist"}






{"Error":"Customer does not exist"}






{"Error":"Customer does not exist"}






{"Error":"Customer does not exist"}






{"Error":"Customer does not exist"}






{"Error":"Customer does not exist"}






{"Error":"Customer does not exist"}






{"Error":"Customer does not exist"}






{"Error":"Customer does not exist"}






{"Error":"Customer does not exist"}






{"Error":"Customer does not exist"}






{"Error":"Customer does not exist"}






{"Error":"Customer does not exist"}






{"Error":"Customer does not exist"}






{"Error":"Customer does not exist"}






{"Error":"Customer does not exist"}






{"Error":"Customer does not exist"}






{"Error":"Customer does not exist"}






{"Error":"Customer does not exist"}






{"Error":"Customer does not exist"}






{"Error":"Customer does not exist"}






{"Error":"Customer does not exist"}






{"Error":"Customer does not exist"}






{"Error":"Customer does not exist"}






{"Error":"Customer does not exist"}






{"Error":"Customer does not exist"}






{"Error":"Customer does not exist"}






{"Error":"Customer does not exist"}






{"Error":"Customer does not exist"}






{"Error":"Customer does not exist"}






{"Error":"Customer does not exist"}






{"Error":"Customer does not exist"}






{"Error":"Customer does not exist"}






{"Error":"Customer does not exist"}






{"Error":"Customer does not exist"}






{"Error":"Customer does not exist"}






{"Error":"Customer does not exist"}






{"Error":"Customer does not exist"}






{"Error":"Customer does not exist"}






{"Error":"Customer does not exist"}






{"Error":"Customer does not exist"}






{"Error":"Customer does not exist"}






{"Error":"Customer does not exist"}






{"Error":"Customer does not exist"}






{"Error":"Customer does not exist"}






{"Error":"Customer does not exist"}






{"Error":"Customer does not exist"}






{"Error":"Customer does not exist"}






{"Error":"Customer does not exist"}






{"Error":"Customer does not exist"}






{"Error":"Customer does not exist"}






{"Error":"Customer does not exist"}






{"Error":"Customer does not exist"}






{"Error":"Customer does not exist"}






{"Error":"Customer does not exist"}






{"Error":"Customer does not exist"}






{"Error":"Customer does not exist"}






{"Error":"Customer does not exist"}






{"Error":"Customer does not exist"}






{"Error":"Customer does not exist"}






{"Error":"Customer does not exist"}






{"Error":"Customer does not exist"}






{"Error":"Customer does not exist"}






{"Error":"Customer does not exist"}






{"Error":"Customer does not exist"}






{"Error":"Customer does not exist"}






{"Error":"Customer does not exist"}






{"Error":"Customer does not exist"}






{"Error":"Customer does not exist"}






{"Error":"Customer does not exist"}






{"Error":"Customer does not exist"}






{"Error":"Customer does not exist"}






{"Error":"Customer does not exist"}






{"Error":"Customer does not exist"}






{"Error":"Customer does not exist"}






{"Error":"Customer does not exist"}






{"Error":"Customer does not exist"}






{"Error":"Customer does not exist"}






{"Error":"Customer does not exist"}






{"Error":"Customer does not exist"}






{"Error":"Customer does not exist"}






{"Error":"Customer does not exist"}






{"Error":"Customer does not exist"}






{"Error":"Customer does not exist"}






{"Error":"Customer does not exist"}






{"Error":"Customer does not exist"}






{"Error":"Customer does not exist"}






{"Error":"Customer does not exist"}






{"Error":"Customer does not exist"}






{"Error":"Customer does not exist"}






{"Error":"Customer does not exist"}






{"Error":"Customer does not exist"}






{"Error":"Customer does not exist"}






{"Error":"Customer does not exist"}






{"Error":"Customer does not exist"}






{"Error":"Customer does not exist"}






{"Error":"Customer does not exist"}






{"Error":"Customer does not exist"}






{"Error":"Customer does not exist"}






{"Error":"Customer does not exist"}






{"Error":"Customer does not exist"}






{"Error":"Customer does not exist"}






{"Error":"Customer does not exist"}






{"Error":"Customer does not exist"}






{"Error":"Customer does not exist"}






{"Error":"Customer does not exist"}






{"Error":"Customer does not exist"}






{"Error":"Customer does not exist"}






{"Error":"Customer does not exist"}






{"Error":"Customer does not exist"}






{"Error":"Customer does not exist"}






{"Error":"Customer does not exist"}






{"Error":"Customer does not exist"}






{"Error":"Customer does not exist"}






{"Error":"Customer does not exist"}






{"Error":"Customer does not exist"}






{"Error":"Customer does not exist"}






{"Error":"Customer does not exist"}






{"Error":"Customer does not exist"}






{"Error":"Customer does not exist"}






{"Error":"Customer does not exist"}






{"Error":"Customer does not exist"}






{"Error":"Customer does not exist"}






{"Error":"Customer does not exist"}






{"Error":"Customer does not exist"}






{"Error":"Customer does not exist"}






{"Error":"Customer does not exist"}






{"Error":"Customer does not exist"}






{"Error":"Customer does not exist"}






{"Error":"Customer does not exist"}






{"Error":"Customer does not exist"}






{"Error":"Customer does not exist"}






{"Error":"Customer does not exist"}






{"Error":"Customer does not exist"}






{"Error":"Customer does not exist"}






{"Error":"Customer does not exist"}






{"Error":"Customer does not exist"}






{"Error":"Customer does not exist"}






{"Error":"Customer does not exist"}






{"Error":"Customer does not exist"}






{"Error":"Customer does not exist"}






{"Error":"Customer does not exist"}






{"Error":"Customer does not exist"}






{"Error":"Customer does not exist"}






{"Error":"Customer does not exist"}






{"Error":"Customer does not exist"}






{"Error":"Customer does not exist"}






{"Error":"Customer does not exist"}






{"Error":"Customer does not exist"}






{"Error":"Customer does not exist"}






{"Error":"Customer does not exist"}






{"Error":"Customer does not exist"}






{"Error":"Customer does not exist"}






{"Error":"Customer does not exist"}






{"Error":"Customer does not exist"}






{"Error":"Customer does not exist"}






{"Error":"Customer does not exist"}






{"Error":"Customer does not exist"}






{"Error":"Customer does not exist"}






{"Error":"Customer does not exist"}






{"Error":"Customer does not exist"}






{"Error":"Customer does not exist"}






{"Error":"Customer does not exist"}






{"Error":"Customer does not exist"}






{"Error":"Customer does not exist"}






{"Error":"Customer does not exist"}






{"Error":"Customer does not exist"}






{"Error":"Customer does not exist"}






{"Error":"Customer does not exist"}






{"Error":"Customer does not exist"}






{"Error":"Customer does not exist"}






{"Error":"Customer does not exist"}






{"Error":"Customer does not exist"}






{"Error":"Customer does not exist"}






{"Error":"Customer does not exist"}






{"Error":"Customer does not exist"}






{"Error":"Customer does not exist"}






{"Error":"Customer does not exist"}






{"Error":"Customer does not exist"}






{"Error":"Customer does not exist"}






{"Error":"Customer does not exist"}






{"Error":"Customer does not exist"}






{"Error":"Customer does not exist"}






{"Error":"Customer does not exist"}






{"Error":"Customer does not exist"}






{"Error":"Customer does not exist"}






{"Error":"Customer does not exist"}






{"Error":"Customer does not exist"}






{"Error":"Customer does not exist"}






{"Error":"Customer does not exist"}






{"Error":"Customer does not exist"}






{"Error":"Customer does not exist"}






{"Error":"Customer does not exist"}






{"Error":"Customer does not exist"}






{"Error":"Customer does not exist"}






{"Error":"Customer does not exist"}






{"Error":"Customer does not exist"}






{"Error":"Customer does not exist"}






{"Error":"Customer does not exist"}






{"Error":"Customer does not exist"}






{"Error":"Customer does not exist"}






{"Error":"Customer does not exist"}






{"Error":"Customer does not exist"}






{"Error":"Customer does not exist"}






{"Error":"Customer does not exist"}






{"Error":"Customer does not exist"}






{"Error":"Customer does not exist"}






{"Error":"Customer does not exist"}






{"Error":"Customer does not exist"}






{"Error":"Customer does not exist"}






{"Error":"Customer does not exist"}






{"Error":"Customer does not exist"}






{"Error":"Customer does not exist"}






{"Error":"Customer does not exist"}






{"Error":"Customer does not exist"}






{"Error":"Customer does not exist"}






{"Error":"Customer does not exist"}






{"Error":"Customer does not exist"}






{"Error":"Customer does not exist"}






{"Error":"Customer does not exist"}






{"Error":"Customer does not exist"}






{"Error":"Customer does not exist"}






{"Error":"Customer does not exist"}






{"Error":"Customer does not exist"}






{"Error":"Customer does not exist"}






{"Error":"Customer does not exist"}






{"Error":"Customer does not exist"}






{"Error":"Customer does not exist"}






{"Error":"Customer does not exist"}






{"Error":"Customer does not exist"}






{"Error":"Customer does not exist"}






{"Error":"Customer does not exist"}






{"Error":"Customer does not exist"}






{"Error":"Customer does not exist"}






{"Error":"Customer does not exist"}






{"Error":"Customer does not exist"}






{"Error":"Customer does not exist"}






{"Error":"Customer does not exist"}






{"Error":"Customer does not exist"}






{"Error":"Customer does not exist"}






{"Error":"Customer does not exist"}






{"Error":"Customer does not exist"}






{"Error":"Customer does not exist"}






{"Error":"Customer does not exist"}






{"Error":"Customer does not exist"}






{"Error":"Customer does not exist"}






{"Error":"Customer does not exist"}






{"Error":"Customer does not exist"}






{"Error":"Customer does not exist"}






{"Error":"Customer does not exist"}






{"Error":"Customer does not exist"}
Traceback (most recent call last):
  File "/usr/local/lib/python3.8/dist-packages/urllib3/connectionpool.py", line 703, in urlopen
    httplib_response = self._make_request(
  File "/usr/local/lib/python3.8/dist-packages/urllib3/connectionpool.py", line 449, in _make_request
    six.raise_from(e, None)
  File "<string>", line 3, in raise_from
  File "/usr/local/lib/python3.8/dist-packages/urllib3/connectionpool.py", line 444, in _make_request
    httplib_response = conn.getresponse()
  File "/usr/lib/python3.8/http/client.py", line 1348, in getresponse
    response.begin()
  File "/usr/lib/python3.8/http/client.py", line 316, in begin
    version, status, reason = self._read_status()
  File "/usr/lib/python3.8/http/client.py", line 285, in _read_status
    raise RemoteDisconnected("Remote end closed connection without"
http.client.RemoteDisconnected: Remote end closed connection without response

During handling of the above exception, another exception occurred:

Traceback (most recent call last):
  File "/usr/local/lib/python3.8/dist-packages/requests/adapters.py", line 489, in send
    resp = conn.urlopen(
  File "/usr/local/lib/python3.8/dist-packages/urllib3/connectionpool.py", line 787, in urlopen
    retries = retries.increment(
  File "/usr/local/lib/python3.8/dist-packages/urllib3/util/retry.py", line 550, in increment
    raise six.reraise(type(error), error, _stacktrace)
  File "/usr/local/lib/python3.8/dist-packages/urllib3/packages/six.py", line 769, in reraise
    raise value.with_traceback(tb)
  File "/usr/local/lib/python3.8/dist-packages/urllib3/connectionpool.py", line 703, in urlopen
    httplib_response = self._make_request(
  File "/usr/local/lib/python3.8/dist-packages/urllib3/connectionpool.py", line 449, in _make_request
    six.raise_from(e, None)
  File "<string>", line 3, in raise_from
  File "/usr/local/lib/python3.8/dist-packages/urllib3/connectionpool.py", line 444, in _make_request
    httplib_response = conn.getresponse()
  File "/usr/lib/python3.8/http/client.py", line 1348, in getresponse
    response.begin()
  File "/usr/lib/python3.8/http/client.py", line 316, in begin
    version, status, reason = self._read_status()
  File "/usr/lib/python3.8/http/client.py", line 285, in _read_status
    raise RemoteDisconnected("Remote end closed connection without"
urllib3.exceptions.ProtocolError: ('Connection aborted.', RemoteDisconnected('Remote end closed connection without response'))

During handling of the above exception, another exception occurred:

Traceback (most recent call last):
  File "/var/www/html/property-rivercourt/receipt_sync.py", line 68, in <module>
    response = requests.post(url, data=json_data, headers=headers)
  File "/usr/local/lib/python3.8/dist-packages/requests/api.py", line 115, in post
    return request("post", url, data=data, json=json, **kwargs)
  File "/usr/local/lib/python3.8/dist-packages/requests/api.py", line 59, in request
    return session.request(method=method, url=url, **kwargs)
  File "/usr/local/lib/python3.8/dist-packages/requests/sessions.py", line 587, in request
    resp = self.send(prep, **send_kwargs)
  File "/usr/local/lib/python3.8/dist-packages/requests/sessions.py", line 701, in send
    r = adapter.send(request, **kwargs)
  File "/usr/local/lib/python3.8/dist-packages/requests/adapters.py", line 547, in send
    raise ConnectionError(err, request=request)
requests.exceptions.ConnectionError: ('Connection aborted.', RemoteDisconnected('Remote end closed connection without response'))






{"Error":"Customer does not exist"}






{"Error":"Customer does not exist"}






{"Error":"Customer does not exist"}






{"Error":"Customer does not exist"}






{"Error":"Customer does not exist"}






{"Error":"Customer does not exist"}






{"Error":"Customer does not exist"}






{"Error":"Customer does not exist"}






{"Error":"Customer does not exist"}






{"Error":"Customer does not exist"}






{"Error":"Customer does not exist"}






{"Error":"Customer does not exist"}






{"Error":"Customer does not exist"}






{"Error":"Customer does not exist"}






{"Error":"Customer does not exist"}






{"Error":"Customer does not exist"}






{"Error":"Customer does not exist"}






{"Error":"Customer does not exist"}






{"Error":"Customer does not exist"}






{"Error":"Customer does not exist"}






{"Error":"Customer does not exist"}






{"Error":"Customer does not exist"}






{"Error":"Customer does not exist"}






{"Error":"Customer does not exist"}






{"Error":"Customer does not exist"}






{"Error":"Customer does not exist"}






{"Error":"Customer does not exist"}






{"Error":"Customer does not exist"}






{"Error":"Customer does not exist"}






{"Error":"Customer does not exist"}






{"Error":"Customer does not exist"}






{"Error":"Customer does not exist"}






{"Error":"Customer does not exist"}






{"Error":"Customer does not exist"}






{"Error":"Customer does not exist"}






{"Error":"Customer does not exist"}






{"Error":"Customer does not exist"}






{"Error":"Customer does not exist"}






{"Error":"Customer does not exist"}






{"Error":"Customer does not exist"}






{"Error":"Customer does not exist"}






{"Error":"Customer does not exist"}






{"Error":"Customer does not exist"}






{"Error":"Customer does not exist"}






{"Error":"Customer does not exist"}






{"Error":"Customer does not exist"}






{"Error":"Customer does not exist"}






{"Error":"Customer does not exist"}






{"Error":"Customer does not exist"}






{"Error":"Customer does not exist"}






{"Error":"Customer does not exist"}






{"Error":"Customer does not exist"}






{"Error":"Customer does not exist"}






{"Error":"Customer does not exist"}






{"Error":"Customer does not exist"}






{"Error":"Customer does not exist"}






{"Error":"Customer does not exist"}






{"Error":"Customer does not exist"}






{"Error":"Customer does not exist"}






{"Error":"Customer does not exist"}






{"Error":"Customer does not exist"}






{"Error":"Customer does not exist"}






{"Error":"Customer does not exist"}






{"Error":"Customer does not exist"}






{"Error":"Customer does not exist"}






{"Error":"Customer does not exist"}






{"Error":"Customer does not exist"}






{"Error":"Customer does not exist"}






{"Error":"Customer does not exist"}






{"Error":"Customer does not exist"}






{"Error":"Customer does not exist"}






{"Error":"Customer does not exist"}






{"Error":"Customer does not exist"}






{"Error":"Customer does not exist"}






{"Error":"Customer does not exist"}






{"Error":"Customer does not exist"}






{"Error":"Customer does not exist"}






{"Error":"Customer does not exist"}






{"Error":"Customer does not exist"}






{"Error":"Customer does not exist"}






{"Error":"Customer does not exist"}






{"Error":"Customer does not exist"}






{"Error":"Customer does not exist"}






{"Error":"Customer does not exist"}






{"Error":"Customer does not exist"}






{"Error":"Customer does not exist"}






{"Error":"Customer does not exist"}






{"Error":"Customer does not exist"}






{"Error":"Customer does not exist"}






{"Error":"Customer does not exist"}






{"Error":"Customer does not exist"}






{"Error":"Customer does not exist"}






{"Error":"Customer does not exist"}






{"Error":"Customer does not exist"}






{"Error":"Customer does not exist"}






{"Error":"Customer does not exist"}






{"Error":"Customer does not exist"}






{"Error":"Customer does not exist"}






{"Error":"Customer does not exist"}






{"Error":"Customer does not exist"}






{"Error":"Customer does not exist"}






{"Error":"Customer does not exist"}






{"Error":"Customer does not exist"}






{"Error":"Customer does not exist"}






{"Error":"Customer does not exist"}






{"Error":"Customer does not exist"}






{"Error":"Customer does not exist"}






{"Error":"Customer does not exist"}






{"Error":"Customer does not exist"}






{"Error":"Customer does not exist"}






{"Error":"Customer does not exist"}






{"Error":"Customer does not exist"}






{"Error":"Customer does not exist"}






{"Error":"Customer does not exist"}






{"Error":"Customer does not exist"}






{"Error":"Customer does not exist"}






{"Error":"Customer does not exist"}






{"Error":"Customer does not exist"}






{"Error":"Customer does not exist"}






{"Error":"Customer does not exist"}






{"Error":"Customer does not exist"}






{"Error":"Customer does not exist"}






{"Error":"Customer does not exist"}






{"Error":"Customer does not exist"}






{"Error":"Customer does not exist"}






{"Error":"Customer does not exist"}






{"Error":"Customer does not exist"}






{"Error":"Customer does not exist"}






{"Error":"Customer does not exist"}






{"Error":"Customer does not exist"}






{"Error":"Customer does not exist"}






{"Error":"Customer does not exist"}






{"Error":"Customer does not exist"}






{"Error":"Customer does not exist"}






{"Error":"Customer does not exist"}






{"Error":"Customer does not exist"}






{"Error":"Customer does not exist"}






{"Error":"Customer does not exist"}






{"Error":"Customer does not exist"}






{"Error":"Customer does not exist"}






{"Error":"Customer does not exist"}






{"Error":"Customer does not exist"}






{"Error":"Customer does not exist"}






{"Error":"Customer does not exist"}






{"Error":"Customer does not exist"}






{"Error":"Customer does not exist"}






{"Error":"Customer does not exist"}






{"Error":"Customer does not exist"}






{"Error":"Customer does not exist"}






{"Error":"Customer does not exist"}






{"Error":"Customer does not exist"}






{"Error":"Customer does not exist"}






{"Error":"Customer does not exist"}






{"Error":"Customer does not exist"}






{"Error":"Customer does not exist"}






{"Error":"Customer does not exist"}






{"Error":"Customer does not exist"}






{"Error":"Customer does not exist"}






{"Error":"Customer does not exist"}






{"Error":"Customer does not exist"}






{"Error":"Customer does not exist"}






{"Error":"Customer does not exist"}






{"Error":"Customer does not exist"}






{"Error":"Customer does not exist"}






{"Error":"Customer does not exist"}






{"Error":"Customer does not exist"}






{"Error":"Customer does not exist"}






{"Error":"Customer does not exist"}






{"Error":"Customer does not exist"}






{"Error":"Customer does not exist"}






{"Error":"Customer does not exist"}






{"Error":"Customer does not exist"}






{"Error":"Customer does not exist"}






{"Error":"Customer does not exist"}






{"Error":"Customer does not exist"}






{"Error":"Customer does not exist"}






{"Error":"Customer does not exist"}






{"Error":"Customer does not exist"}






{"Error":"Customer does not exist"}






{"Error":"Customer does not exist"}






{"Error":"Customer does not exist"}






{"Error":"Customer does not exist"}






{"Error":"Customer does not exist"}






{"Error":"Customer does not exist"}






{"Error":"Customer does not exist"}






{"Error":"Customer does not exist"}






{"Error":"Customer does not exist"}






{"Error":"Customer does not exist"}






{"Error":"Customer does not exist"}






{"Error":"Customer does not exist"}






{"Error":"Customer does not exist"}






{"Error":"Customer does not exist"}






{"Error":"Customer does not exist"}






{"Error":"Customer does not exist"}






{"Error":"Customer does not exist"}






{"Error":"Customer does not exist"}






{"Error":"Customer does not exist"}






{"Error":"Customer does not exist"}






{"Error":"Customer does not exist"}






{"Error":"Customer does not exist"}






{"Error":"Customer does not exist"}






{"Error":"Customer does not exist"}






{"Error":"Customer does not exist"}






{"Error":"Customer does not exist"}






{"Error":"Customer does not exist"}






{"Error":"Customer does not exist"}






{"Error":"Customer does not exist"}






{"Error":"Customer does not exist"}






{"Error":"Customer does not exist"}






{"Error":"Customer does not exist"}






{"Error":"Customer does not exist"}






{"Error":"Customer does not exist"}






{"Error":"Customer does not exist"}






{"Error":"Customer does not exist"}






{"Error":"Customer does not exist"}






{"Error":"Customer does not exist"}






{"Error":"Customer does not exist"}






{"Error":"Customer does not exist"}






{"Error":"Customer does not exist"}






{"Error":"Customer does not exist"}






{"Error":"Customer does not exist"}






{"Error":"Customer does not exist"}






{"Error":"Customer does not exist"}






{"Error":"Customer does not exist"}






{"Error":"Customer does not exist"}






{"Error":"Customer does not exist"}






{"Error":"Customer does not exist"}






{"Error":"Customer does not exist"}






{"Error":"Customer does not exist"}






{"Error":"Customer does not exist"}






{"Error":"Customer does not exist"}






{"Error":"Customer does not exist"}






{"Error":"Customer does not exist"}






{"Error":"Customer does not exist"}






{"Error":"Customer does not exist"}






{"Error":"Customer does not exist"}






{"Error":"Customer does not exist"}






{"Error":"Customer does not exist"}






{"Error":"Customer does not exist"}






{"Error":"Customer does not exist"}






{"Error":"Customer does not exist"}






{"Error":"Customer does not exist"}






{"Error":"Customer does not exist"}






{"Error":"Customer does not exist"}






{"Error":"Customer does not exist"}






{"Error":"Customer does not exist"}






{"Error":"Customer does not exist"}






{"Error":"Customer does not exist"}






{"Error":"Customer does not exist"}






{"Error":"Customer does not exist"}






{"Error":"Customer does not exist"}






{"Error":"Customer does not exist"}






{"Error":"Customer does not exist"}






{"Error":"Customer does not exist"}






{"Error":"Customer does not exist"}






{"Error":"Customer does not exist"}






{"Error":"Customer does not exist"}






{"Error":"Customer does not exist"}






{"Error":"Customer does not exist"}






{"Error":"Customer does not exist"}






{"Error":"Customer does not exist"}






{"Error":"Customer does not exist"}






{"Error":"Customer does not exist"}






{"Error":"Customer does not exist"}






{"Error":"Customer does not exist"}






{"Error":"Customer does not exist"}






{"Error":"Customer does not exist"}






{"Error":"Customer does not exist"}






{"Error":"Customer does not exist"}






{"Error":"Customer does not exist"}






{"Error":"Customer does not exist"}






{"Error":"Customer does not exist"}






{"Error":"Customer does not exist"}






{"Error":"Customer does not exist"}






{"Error":"Customer does not exist"}






{"Error":"Customer does not exist"}






{"Error":"Customer does not exist"}






{"Error":"Customer does not exist"}






{"Error":"Customer does not exist"}






{"Error":"Customer does not exist"}






{"Error":"Customer does not exist"}






{"Error":"Customer does not exist"}






{"Error":"Customer does not exist"}






{"Error":"Customer does not exist"}






{"Error":"Customer does not exist"}






{"Error":"Customer does not exist"}






{"Error":"Customer does not exist"}






{"Error":"Customer does not exist"}






{"Error":"Customer does not exist"}






{"Error":"Customer does not exist"}






{"Error":"Customer does not exist"}






{"Error":"Customer does not exist"}






{"Error":"Customer does not exist"}






{"Error":"Customer does not exist"}






{"Error":"Customer does not exist"}






{"Error":"Customer does not exist"}






{"Error":"Customer does not exist"}






{"Error":"Customer does not exist"}






{"Error":"Customer does not exist"}






{"Error":"Customer does not exist"}






{"Error":"Customer does not exist"}






{"Error":"Customer does not exist"}






{"Error":"Customer does not exist"}






{"Error":"Customer does not exist"}






{"Error":"Customer does not exist"}






{"Error":"Customer does not exist"}






{"Error":"Customer does not exist"}






{"Error":"Customer does not exist"}






{"Error":"Customer does not exist"}






{"Error":"Customer does not exist"}






{"Error":"Customer does not exist"}






{"Error":"Customer does not exist"}






{"Error":"Customer does not exist"}






{"Error":"Customer does not exist"}






{"Error":"Customer does not exist"}






{"Error":"Customer does not exist"}






{"Error":"Customer does not exist"}






{"Error":"Customer does not exist"}






{"Error":"Customer does not exist"}






{"Error":"Customer does not exist"}






{"Error":"Customer does not exist"}






{"Error":"Customer does not exist"}






{"Error":"Customer does not exist"}






{"Error":"Customer does not exist"}






{"Error":"Customer does not exist"}






{"Error":"Customer does not exist"}






{"Error":"Customer does not exist"}






{"Error":"Customer does not exist"}






{"Error":"Customer does not exist"}






{"Error":"Customer does not exist"}






{"Error":"Customer does not exist"}






{"Error":"Customer does not exist"}






{"Error":"Customer does not exist"}






{"Error":"Customer does not exist"}






{"Error":"Customer does not exist"}






{"Error":"Customer does not exist"}






{"Error":"Customer does not exist"}






{"Error":"Customer does not exist"}






{"Error":"Customer does not exist"}






{"Error":"Customer does not exist"}






{"Error":"Customer does not exist"}






{"Error":"Customer does not exist"}






{"Error":"Customer does not exist"}






{"Error":"Customer does not exist"}






{"Error":"Customer does not exist"}






{"Error":"Customer does not exist"}






{"Error":"Customer does not exist"}






{"Error":"Customer does not exist"}






{"Error":"Customer does not exist"}






{"Error":"Customer does not exist"}






{"Error":"Customer does not exist"}






{"Error":"Customer does not exist"}






{"Error":"Customer does not exist"}






{"Error":"Customer does not exist"}






{"Error":"Customer does not exist"}






{"Error":"Customer does not exist"}






{"Error":"Customer does not exist"}






{"Error":"Customer does not exist"}






{"Error":"Customer does not exist"}






{"Error":"Customer does not exist"}






{"Error":"Customer does not exist"}






{"Error":"Customer does not exist"}






{"Error":"Customer does not exist"}






{"Error":"Customer does not exist"}






{"Error":"Customer does not exist"}






{"Error":"Customer does not exist"}






{"Error":"Customer does not exist"}






{"Error":"Customer does not exist"}






{"Error":"Customer does not exist"}






{"Error":"Customer does not exist"}






{"Error":"Customer does not exist"}






{"Error":"Customer does not exist"}






{"Error":"Customer does not exist"}






{"Error":"Customer does not exist"}






{"Error":"Customer does not exist"}






{"Error":"Customer does not exist"}






{"Error":"Customer does not exist"}






{"Error":"Customer does not exist"}






{"Error":"Customer does not exist"}






{"Error":"Customer does not exist"}






{"Error":"Customer does not exist"}






{"Error":"Customer does not exist"}






{"Error":"Customer does not exist"}






{"Error":"Customer does not exist"}






{"Error":"Customer does not exist"}






{"Error":"Customer does not exist"}






{"Error":"Customer does not exist"}






{"Error":"Customer does not exist"}






{"Error":"Customer does not exist"}






{"Error":"Customer does not exist"}






{"Error":"Customer does not exist"}






{"Error":"Customer does not exist"}






{"Error":"Customer does not exist"}






{"Error":"Customer does not exist"}






{"Error":"Customer does not exist"}






{"Error":"Customer does not exist"}






{"Error":"Customer does not exist"}






{"Error":"Customer does not exist"}






{"Error":"Customer does not exist"}






{"Error":"Customer does not exist"}






{"Error":"Customer does not exist"}






{"Error":"Customer does not exist"}
Traceback (most recent call last):
  File "/usr/local/lib/python3.8/dist-packages/urllib3/connection.py", line 174, in _new_conn
    conn = connection.create_connection(
  File "/usr/local/lib/python3.8/dist-packages/urllib3/util/connection.py", line 72, in create_connection
    for res in socket.getaddrinfo(host, port, family, socket.SOCK_STREAM):
  File "/usr/lib/python3.8/socket.py", line 918, in getaddrinfo
    for res in _socket.getaddrinfo(host, port, family, type, proto, flags):
socket.gaierror: [Errno -3] Temporary failure in name resolution

During handling of the above exception, another exception occurred:

Traceback (most recent call last):
  File "/usr/local/lib/python3.8/dist-packages/urllib3/connectionpool.py", line 703, in urlopen
    httplib_response = self._make_request(
  File "/usr/local/lib/python3.8/dist-packages/urllib3/connectionpool.py", line 386, in _make_request
    self._validate_conn(conn)
  File "/usr/local/lib/python3.8/dist-packages/urllib3/connectionpool.py", line 1042, in _validate_conn
    conn.connect()
  File "/usr/local/lib/python3.8/dist-packages/urllib3/connection.py", line 358, in connect
    self.sock = conn = self._new_conn()
  File "/usr/local/lib/python3.8/dist-packages/urllib3/connection.py", line 186, in _new_conn
    raise NewConnectionError(
urllib3.exceptions.NewConnectionError: <urllib3.connection.HTTPSConnection object at 0x7f3bb7af0fa0>: Failed to establish a new connection: [Errno -3] Temporary failure in name resolution

During handling of the above exception, another exception occurred:

Traceback (most recent call last):
  File "/usr/local/lib/python3.8/dist-packages/requests/adapters.py", line 489, in send
    resp = conn.urlopen(
  File "/usr/local/lib/python3.8/dist-packages/urllib3/connectionpool.py", line 787, in urlopen
    retries = retries.increment(
  File "/usr/local/lib/python3.8/dist-packages/urllib3/util/retry.py", line 592, in increment
    raise MaxRetryError(_pool, url, error or ResponseError(cause))
urllib3.exceptions.MaxRetryError: HTTPSConnectionPool(host='techsavanna.technology', port=443): Max retries exceeded with url: /river-court-palla/api/endpoints/payment.php?action=make-payment&company-id=RIVER (Caused by NewConnectionError('<urllib3.connection.HTTPSConnection object at 0x7f3bb7af0fa0>: Failed to establish a new connection: [Errno -3] Temporary failure in name resolution'))

During handling of the above exception, another exception occurred:

Traceback (most recent call last):
  File "/var/www/html/property-rivercourt/receipt_sync.py", line 68, in <module>
    response = requests.post(url, data=json_data, headers=headers)
  File "/usr/local/lib/python3.8/dist-packages/requests/api.py", line 115, in post
    return request("post", url, data=data, json=json, **kwargs)
  File "/usr/local/lib/python3.8/dist-packages/requests/api.py", line 59, in request
    return session.request(method=method, url=url, **kwargs)
  File "/usr/local/lib/python3.8/dist-packages/requests/sessions.py", line 587, in request
    resp = self.send(prep, **send_kwargs)
  File "/usr/local/lib/python3.8/dist-packages/requests/sessions.py", line 701, in send
    r = adapter.send(request, **kwargs)
  File "/usr/local/lib/python3.8/dist-packages/requests/adapters.py", line 565, in send
    raise ConnectionError(e, request=request)
requests.exceptions.ConnectionError: HTTPSConnectionPool(host='techsavanna.technology', port=443): Max retries exceeded with url: /river-court-palla/api/endpoints/payment.php?action=make-payment&company-id=RIVER (Caused by NewConnectionError('<urllib3.connection.HTTPSConnection object at 0x7f3bb7af0fa0>: Failed to establish a new connection: [Errno -3] Temporary failure in name resolution'))






{"Error":"Customer does not exist"}






{"Error":"Customer does not exist"}






{"Error":"Customer does not exist"}






{"Error":"Customer does not exist"}






{"Error":"Customer does not exist"}






{"Error":"Customer does not exist"}






{"Error":"Customer does not exist"}






{"Error":"Customer does not exist"}






{"Error":"Customer does not exist"}






{"Error":"Customer does not exist"}






{"Error":"Customer does not exist"}






{"Error":"Customer does not exist"}






{"Error":"Customer does not exist"}






{"Error":"Customer does not exist"}






{"Error":"Customer does not exist"}






{"Error":"Customer does not exist"}






{"Error":"Customer does not exist"}






{"Error":"Customer does not exist"}






{"Error":"Customer does not exist"}






{"Error":"Customer does not exist"}






{"Error":"Customer does not exist"}






{"Error":"Customer does not exist"}






{"Error":"Customer does not exist"}






{"Error":"Customer does not exist"}






{"Error":"Customer does not exist"}






{"Error":"Customer does not exist"}






{"Error":"Customer does not exist"}






{"Error":"Customer does not exist"}






{"Error":"Customer does not exist"}






{"Error":"Customer does not exist"}






{"Error":"Customer does not exist"}






{"Error":"Customer does not exist"}






{"Error":"Customer does not exist"}






{"Error":"Customer does not exist"}






{"Error":"Customer does not exist"}






{"Error":"Customer does not exist"}






{"Error":"Customer does not exist"}






{"Error":"Customer does not exist"}






{"Error":"Customer does not exist"}






{"Error":"Customer does not exist"}






{"Error":"Customer does not exist"}






{"Error":"Customer does not exist"}






{"Error":"Customer does not exist"}






{"Error":"Customer does not exist"}






{"Error":"Customer does not exist"}






{"Error":"Customer does not exist"}






{"Error":"Customer does not exist"}






{"Error":"Customer does not exist"}






{"Error":"Customer does not exist"}






{"Error":"Customer does not exist"}






{"Error":"Customer does not exist"}






{"Error":"Customer does not exist"}






{"Error":"Customer does not exist"}






{"Error":"Customer does not exist"}






{"Error":"Customer does not exist"}






{"Error":"Customer does not exist"}






{"Error":"Customer does not exist"}






{"Error":"Customer does not exist"}






{"Error":"Customer does not exist"}






{"Error":"Customer does not exist"}






{"Error":"Customer does not exist"}






{"Error":"Customer does not exist"}






{"Error":"Customer does not exist"}






{"Error":"Customer does not exist"}






{"Error":"Customer does not exist"}






{"Error":"Customer does not exist"}






{"Error":"Customer does not exist"}






{"Error":"Customer does not exist"}






{"Error":"Customer does not exist"}






{"Error":"Customer does not exist"}






{"Error":"Customer does not exist"}






{"Error":"Customer does not exist"}






{"Error":"Customer does not exist"}






{"Error":"Customer does not exist"}






{"Error":"Customer does not exist"}






{"Error":"Customer does not exist"}






{"Error":"Customer does not exist"}






{"Error":"Customer does not exist"}






{"Error":"Customer does not exist"}






{"Error":"Customer does not exist"}






{"Error":"Customer does not exist"}






{"Error":"Customer does not exist"}






{"Error":"Customer does not exist"}






{"Error":"Customer does not exist"}






{"Error":"Customer does not exist"}






{"Error":"Customer does not exist"}






{"Error":"Customer does not exist"}






{"Error":"Customer does not exist"}






{"Error":"Customer does not exist"}






{"Error":"Customer does not exist"}






{"Error":"Customer does not exist"}






{"Error":"Customer does not exist"}






{"Error":"Customer does not exist"}






{"Error":"Customer does not exist"}






{"Error":"Customer does not exist"}






{"Error":"Customer does not exist"}






{"Error":"Customer does not exist"}






{"Error":"Customer does not exist"}






{"Error":"Customer does not exist"}






{"Error":"Customer does not exist"}






{"Error":"Customer does not exist"}






{"Error":"Customer does not exist"}






{"Error":"Customer does not exist"}






{"Error":"Customer does not exist"}






{"Error":"Customer does not exist"}






{"Error":"Customer does not exist"}






{"Error":"Customer does not exist"}






{"Error":"Customer does not exist"}






{"Error":"Customer does not exist"}






{"Error":"Customer does not exist"}






{"Error":"Customer does not exist"}






{"Error":"Customer does not exist"}






{"Error":"Customer does not exist"}






{"Error":"Customer does not exist"}






{"Error":"Customer does not exist"}






{"Error":"Customer does not exist"}






{"Error":"Customer does not exist"}






{"Error":"Customer does not exist"}






{"Error":"Customer does not exist"}






{"Error":"Customer does not exist"}






{"Error":"Customer does not exist"}






{"Error":"Customer does not exist"}






{"Error":"Customer does not exist"}






{"Error":"Customer does not exist"}






{"Error":"Customer does not exist"}






{"Error":"Customer does not exist"}






{"Error":"Customer does not exist"}






{"Error":"Customer does not exist"}






{"Error":"Customer does not exist"}






{"Error":"Customer does not exist"}






{"Error":"Customer does not exist"}






{"Error":"Customer does not exist"}






{"Error":"Customer does not exist"}






{"Error":"Customer does not exist"}






{"Error":"Customer does not exist"}






{"Error":"Customer does not exist"}






{"Error":"Customer does not exist"}






{"Error":"Customer does not exist"}






{"Error":"Customer does not exist"}






{"Error":"Customer does not exist"}






{"Error":"Customer does not exist"}






{"Error":"Customer does not exist"}






{"Error":"Customer does not exist"}






{"Error":"Customer does not exist"}






{"Error":"Customer does not exist"}






{"Error":"Customer does not exist"}






{"Error":"Customer does not exist"}






{"Error":"Customer does not exist"}






{"Error":"Customer does not exist"}






{"Error":"Customer does not exist"}






{"Error":"Customer does not exist"}






{"Error":"Customer does not exist"}






{"Error":"Customer does not exist"}






{"Error":"Customer does not exist"}






{"Error":"Customer does not exist"}






{"Error":"Customer does not exist"}






{"Error":"Customer does not exist"}






{"Error":"Customer does not exist"}






{"Error":"Customer does not exist"}






{"Error":"Customer does not exist"}






{"Error":"Customer does not exist"}






{"Error":"Customer does not exist"}






{"Error":"Customer does not exist"}






{"Error":"Customer does not exist"}






{"Error":"Customer does not exist"}






{"Error":"Customer does not exist"}






{"Error":"Customer does not exist"}






{"Error":"Customer does not exist"}






{"Error":"Customer does not exist"}






{"Error":"Customer does not exist"}






{"Error":"Customer does not exist"}






{"Error":"Customer does not exist"}






{"Error":"Customer does not exist"}






{"Error":"Customer does not exist"}






{"Error":"Customer does not exist"}






{"Error":"Customer does not exist"}






{"Error":"Customer does not exist"}






{"Error":"Customer does not exist"}






{"Error":"Customer does not exist"}






{"Error":"Customer does not exist"}






{"Error":"Customer does not exist"}






{"Error":"Customer does not exist"}






{"Error":"Customer does not exist"}






{"Error":"Customer does not exist"}






{"Error":"Customer does not exist"}






{"Error":"Customer does not exist"}






{"Error":"Customer does not exist"}






{"Error":"Customer does not exist"}






{"Error":"Customer does not exist"}






{"Error":"Customer does not exist"}






{"Error":"Customer does not exist"}






{"Error":"Customer does not exist"}






{"Error":"Customer does not exist"}






{"Error":"Customer does not exist"}






{"Error":"Customer does not exist"}






{"Error":"Customer does not exist"}






{"Error":"Customer does not exist"}






{"Error":"Customer does not exist"}






{"Error":"Customer does not exist"}






{"Error":"Customer does not exist"}






{"Error":"Customer does not exist"}






{"Error":"Customer does not exist"}






{"Error":"Customer does not exist"}






{"Error":"Customer does not exist"}






{"Error":"Customer does not exist"}






{"Error":"Customer does not exist"}






{"Error":"Customer does not exist"}






{"Error":"Customer does not exist"}






{"Error":"Customer does not exist"}






{"Error":"Customer does not exist"}






{"Error":"Customer does not exist"}






{"Error":"Customer does not exist"}






{"Error":"Customer does not exist"}






{"Error":"Customer does not exist"}






{"Error":"Customer does not exist"}






{"Error":"Customer does not exist"}






{"Error":"Customer does not exist"}






{"Error":"Customer does not exist"}






{"Error":"Customer does not exist"}






{"Error":"Customer does not exist"}






{"Error":"Customer does not exist"}






{"Error":"Customer does not exist"}






{"Error":"Customer does not exist"}






{"Error":"Customer does not exist"}






{"Error":"Customer does not exist"}






{"Error":"Customer does not exist"}






{"Error":"Customer does not exist"}






{"Error":"Customer does not exist"}






{"Error":"Customer does not exist"}






{"Error":"Customer does not exist"}






{"Error":"Customer does not exist"}






{"Error":"Customer does not exist"}






{"Error":"Customer does not exist"}






{"Error":"Customer does not exist"}






{"Error":"Customer does not exist"}






{"Error":"Customer does not exist"}






{"Error":"Customer does not exist"}






{"Error":"Customer does not exist"}






{"Error":"Customer does not exist"}






{"Error":"Customer does not exist"}






{"Error":"Customer does not exist"}






{"Error":"Customer does not exist"}






{"Error":"Customer does not exist"}






{"Error":"Customer does not exist"}






{"Error":"Customer does not exist"}






{"Error":"Customer does not exist"}






{"Error":"Customer does not exist"}






{"Error":"Customer does not exist"}






{"Error":"Customer does not exist"}






{"Error":"Customer does not exist"}






{"Error":"Customer does not exist"}






{"Error":"Customer does not exist"}






{"Error":"Customer does not exist"}






{"Error":"Customer does not exist"}






{"Error":"Customer does not exist"}






{"Error":"Customer does not exist"}






{"Error":"Customer does not exist"}






{"Error":"Customer does not exist"}






{"Error":"Customer does not exist"}






{"Error":"Customer does not exist"}






{"Error":"Customer does not exist"}






{"Error":"Customer does not exist"}






{"Error":"Customer does not exist"}






{"Error":"Customer does not exist"}






{"Error":"Customer does not exist"}






{"Error":"Customer does not exist"}






{"Error":"Customer does not exist"}






{"Error":"Customer does not exist"}






{"Error":"Customer does not exist"}






{"Error":"Customer does not exist"}






{"Error":"Customer does not exist"}






{"Error":"Customer does not exist"}






{"Error":"Customer does not exist"}






{"Error":"Customer does not exist"}






{"Error":"Customer does not exist"}






{"Error":"Customer does not exist"}






{"Error":"Customer does not exist"}






{"Error":"Customer does not exist"}






{"Error":"Customer does not exist"}






{"Error":"Customer does not exist"}






{"Error":"Customer does not exist"}






{"Error":"Customer does not exist"}






{"Error":"Customer does not exist"}






{"Error":"Customer does not exist"}






{"Error":"Customer does not exist"}






{"Error":"Customer does not exist"}






{"Error":"Customer does not exist"}






{"Error":"Customer does not exist"}






{"Error":"Customer does not exist"}






{"Error":"Customer does not exist"}






{"Error":"Customer does not exist"}






{"Error":"Customer does not exist"}






{"Error":"Customer does not exist"}






{"Error":"Customer does not exist"}






{"Error":"Customer does not exist"}






{"Error":"Customer does not exist"}






{"Error":"Customer does not exist"}






{"Error":"Customer does not exist"}






{"Error":"Customer does not exist"}






{"Error":"Customer does not exist"}






{"Error":"Customer does not exist"}






{"Error":"Customer does not exist"}






{"Error":"Customer does not exist"}






{"Error":"Customer does not exist"}






{"Error":"Customer does not exist"}






{"Error":"Customer does not exist"}






{"Error":"Customer does not exist"}






{"Error":"Customer does not exist"}






{"Error":"Customer does not exist"}






{"Error":"Customer does not exist"}






{"Error":"Customer does not exist"}






{"Error":"Customer does not exist"}






{"Error":"Customer does not exist"}






{"Error":"Customer does not exist"}






{"Error":"Customer does not exist"}






{"Error":"Customer does not exist"}






{"Error":"Customer does not exist"}






{"Error":"Customer does not exist"}






{"Error":"Customer does not exist"}






{"Error":"Customer does not exist"}






{"Error":"Customer does not exist"}






{"Error":"Customer does not exist"}






{"Error":"Customer does not exist"}






{"Error":"Customer does not exist"}






{"Error":"Customer does not exist"}






{"Error":"Customer does not exist"}






{"Error":"Customer does not exist"}






{"Error":"Customer does not exist"}






{"Error":"Customer does not exist"}






{"Error":"Customer does not exist"}






{"Error":"Customer does not exist"}






{"Error":"Customer does not exist"}






{"Error":"Customer does not exist"}






{"Error":"Customer does not exist"}






{"Error":"Customer does not exist"}






{"Error":"Customer does not exist"}






{"Error":"Customer does not exist"}






{"Error":"Customer does not exist"}






{"Error":"Customer does not exist"}






{"Error":"Customer does not exist"}






{"Error":"Customer does not exist"}






{"Error":"Customer does not exist"}






{"Error":"Customer does not exist"}






{"Error":"Customer does not exist"}






{"Error":"Customer does not exist"}






{"Error":"Customer does not exist"}






{"Error":"Customer does not exist"}






{"Error":"Customer does not exist"}






{"Error":"Customer does not exist"}






{"Error":"Customer does not exist"}






{"Error":"Customer does not exist"}






{"Error":"Customer does not exist"}






{"Error":"Customer does not exist"}






{"Error":"Customer does not exist"}






{"Error":"Customer does not exist"}






{"Error":"Customer does not exist"}






{"Error":"Customer does not exist"}






{"Error":"Customer does not exist"}






{"Error":"Customer does not exist"}






{"Error":"Customer does not exist"}






{"Error":"Customer does not exist"}






{"Error":"Customer does not exist"}






{"Error":"Customer does not exist"}






{"Error":"Customer does not exist"}






{"Error":"Customer does not exist"}






{"Error":"Customer does not exist"}






{"Error":"Customer does not exist"}






{"Error":"Customer does not exist"}






{"Error":"Customer does not exist"}






{"Error":"Customer does not exist"}






{"Error":"Customer does not exist"}






{"Error":"Customer does not exist"}






{"Error":"Customer does not exist"}






{"Error":"Customer does not exist"}






{"Error":"Customer does not exist"}






{"Error":"Customer does not exist"}






{"Error":"Customer does not exist"}






{"Error":"Customer does not exist"}






{"Error":"Customer does not exist"}






{"Error":"Customer does not exist"}






{"Error":"Customer does not exist"}






{"Error":"Customer does not exist"}






{"Error":"Customer does not exist"}






{"Error":"Customer does not exist"}






{"Error":"Customer does not exist"}






{"Error":"Customer does not exist"}






{"Error":"Customer does not exist"}






{"Error":"Customer does not exist"}






{"Error":"Customer does not exist"}






{"Error":"Customer does not exist"}






{"Error":"Customer does not exist"}






{"Error":"Customer does not exist"}






{"Error":"Customer does not exist"}






{"Error":"Customer does not exist"}






{"Error":"Customer does not exist"}






{"Error":"Customer does not exist"}






{"Error":"Customer does not exist"}






{"Error":"Customer does not exist"}






{"Error":"Customer does not exist"}






{"Error":"Customer does not exist"}






{"Error":"Customer does not exist"}






{"Error":"Customer does not exist"}






{"Error":"Customer does not exist"}






{"Error":"Customer does not exist"}






{"Error":"Customer does not exist"}






{"Error":"Customer does not exist"}






{"Error":"Customer does not exist"}






{"Error":"Customer does not exist"}






{"Error":"Customer does not exist"}






{"Error":"Customer does not exist"}






{"Error":"Customer does not exist"}






{"Error":"Customer does not exist"}






{"Error":"Customer does not exist"}






{"Error":"Customer does not exist"}






{"Error":"Customer does not exist"}






{"Error":"Customer does not exist"}






{"Error":"Customer does not exist"}






{"Error":"Customer does not exist"}






{"Error":"Customer does not exist"}






{"Error":"Customer does not exist"}






{"Error":"Customer does not exist"}






{"Error":"Customer does not exist"}






{"Error":"Customer does not exist"}






{"Error":"Customer does not exist"}






{"Error":"Customer does not exist"}






{"Error":"Customer does not exist"}






{"Error":"Customer does not exist"}






{"Error":"Customer does not exist"}






{"Error":"Customer does not exist"}






{"Error":"Customer does not exist"}






{"Error":"Customer does not exist"}






{"Error":"Customer does not exist"}






{"Error":"Customer does not exist"}






{"Error":"Customer does not exist"}






{"Error":"Customer does not exist"}






{"Error":"Customer does not exist"}






{"Error":"Customer does not exist"}






{"Error":"Customer does not exist"}






{"Error":"Customer does not exist"}






{"Error":"Customer does not exist"}






{"Error":"Customer does not exist"}






{"Error":"Customer does not exist"}






{"Error":"Customer does not exist"}






{"Error":"Customer does not exist"}






{"Error":"Customer does not exist"}






{"Error":"Customer does not exist"}






{"Error":"Customer does not exist"}






{"Error":"Customer does not exist"}






{"Error":"Customer does not exist"}






{"Error":"Customer does not exist"}






{"Error":"Customer does not exist"}






{"Error":"Customer does not exist"}






{"Error":"Customer does not exist"}






{"Error":"Customer does not exist"}






{"Error":"Customer does not exist"}






{"Error":"Customer does not exist"}






{"Error":"Customer does not exist"}






{"Error":"Customer does not exist"}






{"Error":"Customer does not exist"}






{"Error":"Customer does not exist"}






{"Error":"Customer does not exist"}






{"Error":"Customer does not exist"}






{"Error":"Customer does not exist"}






{"Error":"Customer does not exist"}






{"Error":"Customer does not exist"}






{"Error":"Customer does not exist"}






{"Error":"Customer does not exist"}






{"Error":"Customer does not exist"}






{"Error":"Customer does not exist"}






{"Error":"Customer does not exist"}






{"Error":"Customer does not exist"}






{"Error":"Customer does not exist"}






{"Error":"Customer does not exist"}






{"Error":"Customer does not exist"}






{"Error":"Customer does not exist"}






{"Error":"Customer does not exist"}






{"Error":"Customer does not exist"}






{"Error":"Customer does not exist"}






{"Error":"Customer does not exist"}






{"Error":"Customer does not exist"}






{"Error":"Customer does not exist"}






{"Error":"Customer does not exist"}






{"Error":"Customer does not exist"}






{"Error":"Customer does not exist"}






{"Error":"Customer does not exist"}






{"Error":"Customer does not exist"}






{"Error":"Customer does not exist"}






{"Error":"Customer does not exist"}






{"Error":"Customer does not exist"}






{"Error":"Customer does not exist"}






{"Error":"Customer does not exist"}






{"Error":"Customer does not exist"}






{"Error":"Customer does not exist"}






{"Error":"Customer does not exist"}






{"Error":"Customer does not exist"}






{"Error":"Customer does not exist"}






{"Error":"Customer does not exist"}






{"Error":"Customer does not exist"}






{"Error":"Customer does not exist"}






{"Error":"Customer does not exist"}






{"Error":"Customer does not exist"}






{"Error":"Customer does not exist"}






{"Error":"Customer does not exist"}






{"Error":"Customer does not exist"}






{"Error":"Customer does not exist"}






{"Error":"Customer does not exist"}






{"Error":"Customer does not exist"}






{"Error":"Customer does not exist"}






{"Error":"Customer does not exist"}






{"Error":"Customer does not exist"}






{"Error":"Customer does not exist"}






{"Error":"Customer does not exist"}






{"Error":"Customer does not exist"}






{"Error":"Customer does not exist"}






{"Error":"Customer does not exist"}






{"Error":"Customer does not exist"}






{"Error":"Customer does not exist"}






{"Error":"Customer does not exist"}






{"Error":"Customer does not exist"}






{"Error":"Customer does not exist"}






{"Error":"Customer does not exist"}






{"Error":"Customer does not exist"}






{"Error":"Customer does not exist"}






{"Error":"Customer does not exist"}






{"Error":"Customer does not exist"}






{"Error":"Customer does not exist"}






{"Error":"Customer does not exist"}






{"Error":"Customer does not exist"}






{"Error":"Customer does not exist"}






{"Error":"Customer does not exist"}






{"Error":"Customer does not exist"}






{"Error":"Customer does not exist"}






{"Error":"Customer does not exist"}






{"Error":"Customer does not exist"}






{"Error":"Customer does not exist"}






{"Error":"Customer does not exist"}






{"Error":"Customer does not exist"}






{"Error":"Customer does not exist"}






{"Error":"Customer does not exist"}






{"Error":"Customer does not exist"}






{"Error":"Customer does not exist"}






{"Error":"Customer does not exist"}






{"Error":"Customer does not exist"}






{"Error":"Customer does not exist"}






{"Error":"Customer does not exist"}






{"Error":"Customer does not exist"}






{"Error":"Customer does not exist"}






{"Error":"Customer does not exist"}






{"Error":"Customer does not exist"}






{"Error":"Customer does not exist"}






{"Error":"Customer does not exist"}






{"Error":"Customer does not exist"}






{"Error":"Customer does not exist"}






{"Error":"Customer does not exist"}






{"Error":"Customer does not exist"}






{"Error":"Customer does not exist"}






{"Error":"Customer does not exist"}






{"Error":"Customer does not exist"}






{"Error":"Customer does not exist"}






{"Error":"Customer does not exist"}






{"Error":"Customer does not exist"}






{"Error":"Customer does not exist"}






{"Error":"Customer does not exist"}






{"Error":"Customer does not exist"}






{"Error":"Customer does not exist"}






{"Error":"Customer does not exist"}






{"Error":"Customer does not exist"}






{"Error":"Customer does not exist"}






{"Error":"Customer does not exist"}






{"Error":"Customer does not exist"}






{"Error":"Customer does not exist"}






{"Error":"Customer does not exist"}






{"Error":"Customer does not exist"}






{"Error":"Customer does not exist"}






{"Error":"Customer does not exist"}






{"Error":"Customer does not exist"}






{"Error":"Customer does not exist"}






{"Error":"Customer does not exist"}






{"Error":"Customer does not exist"}






{"Error":"Customer does not exist"}






{"Error":"Customer does not exist"}






{"Error":"Customer does not exist"}






{"Error":"Customer does not exist"}






{"Error":"Customer does not exist"}






{"Error":"Customer does not exist"}






{"Error":"Customer does not exist"}






{"Error":"Customer does not exist"}






{"Error":"Customer does not exist"}






{"Error":"Customer does not exist"}






{"Error":"Customer does not exist"}






{"Error":"Customer does not exist"}






{"Error":"Customer does not exist"}






{"Error":"Customer does not exist"}






{"Error":"Customer does not exist"}






{"Error":"Customer does not exist"}






{"Error":"Customer does not exist"}






{"Error":"Customer does not exist"}






{"Error":"Customer does not exist"}






{"Error":"Customer does not exist"}






{"Error":"Customer does not exist"}






{"Error":"Customer does not exist"}






{"Error":"Customer does not exist"}






{"Error":"Customer does not exist"}






{"Error":"Customer does not exist"}






{"Error":"Customer does not exist"}






{"Error":"Customer does not exist"}






{"Error":"Customer does not exist"}






{"Error":"Customer does not exist"}






{"Error":"Customer does not exist"}






{"Error":"Customer does not exist"}






{"Error":"Customer does not exist"}






{"Error":"Customer does not exist"}






{"Error":"Customer does not exist"}






{"Error":"Customer does not exist"}






{"Error":"Customer does not exist"}






{"Error":"Customer does not exist"}






{"Error":"Customer does not exist"}






{"Error":"Customer does not exist"}






{"Error":"Customer does not exist"}






{"Error":"Customer does not exist"}






{"Error":"Customer does not exist"}






{"Error":"Customer does not exist"}






{"Error":"Customer does not exist"}






{"Error":"Customer does not exist"}






{"Error":"Customer does not exist"}






{"Error":"Customer does not exist"}






{"Error":"Customer does not exist"}






{"Error":"Customer does not exist"}






{"Error":"Customer does not exist"}






{"Error":"Customer does not exist"}






{"Error":"Customer does not exist"}






{"Error":"Customer does not exist"}






{"Error":"Customer does not exist"}






{"Error":"Customer does not exist"}






{"Error":"Customer does not exist"}






{"Error":"Customer does not exist"}






{"Error":"Customer does not exist"}






{"Error":"Customer does not exist"}






{"Error":"Customer does not exist"}






{"Error":"Customer does not exist"}






{"Error":"Customer does not exist"}






{"Error":"Customer does not exist"}






{"Error":"Customer does not exist"}






{"Error":"Customer does not exist"}






{"Error":"Customer does not exist"}






{"Error":"Customer does not exist"}






{"Error":"Customer does not exist"}






{"Error":"Customer does not exist"}






{"Error":"Customer does not exist"}






{"Error":"Customer does not exist"}






{"Error":"Customer does not exist"}






{"Error":"Customer does not exist"}






{"Error":"Customer does not exist"}






{"Error":"Customer does not exist"}






{"Error":"Customer does not exist"}






{"Error":"Customer does not exist"}






{"Error":"Customer does not exist"}






{"Error":"Customer does not exist"}






{"Error":"Customer does not exist"}






{"Error":"Customer does not exist"}






{"Error":"Customer does not exist"}






{"Error":"Customer does not exist"}






{"Error":"Customer does not exist"}






{"Error":"Customer does not exist"}






{"Error":"Customer does not exist"}






{"Error":"Customer does not exist"}






{"Error":"Customer does not exist"}






{"Error":"Customer does not exist"}






{"Error":"Customer does not exist"}






{"Error":"Customer does not exist"}






{"Error":"Customer does not exist"}






{"Error":"Customer does not exist"}






{"Error":"Customer does not exist"}






{"Error":"Customer does not exist"}






{"Error":"Customer does not exist"}






{"Error":"Customer does not exist"}






{"Error":"Customer does not exist"}






{"Error":"Customer does not exist"}






{"Error":"Customer does not exist"}






{"Error":"Customer does not exist"}






{"Error":"Customer does not exist"}






{"Error":"Customer does not exist"}






{"Error":"Customer does not exist"}






{"Error":"Customer does not exist"}






{"Error":"Customer does not exist"}






{"Error":"Customer does not exist"}






{"Error":"Customer does not exist"}






{"Error":"Customer does not exist"}






{"Error":"Customer does not exist"}






{"Error":"Customer does not exist"}






{"Error":"Customer does not exist"}






{"Error":"Customer does not exist"}






{"Error":"Customer does not exist"}






{"Error":"Customer does not exist"}






{"Error":"Customer does not exist"}






{"Error":"Customer does not exist"}






{"Error":"Customer does not exist"}






{"Error":"Customer does not exist"}






{"Error":"Customer does not exist"}






{"Error":"Customer does not exist"}






{"Error":"Customer does not exist"}






{"Error":"Customer does not exist"}






{"Error":"Customer does not exist"}






{"Error":"Customer does not exist"}






{"Error":"Customer does not exist"}






{"Error":"Customer does not exist"}






{"Error":"Customer does not exist"}






{"Error":"Customer does not exist"}






{"Error":"Customer does not exist"}






{"Error":"Customer does not exist"}






{"Error":"Customer does not exist"}






{"Error":"Customer does not exist"}






{"Error":"Customer does not exist"}






{"Error":"Customer does not exist"}






{"Error":"Customer does not exist"}






{"Error":"Customer does not exist"}






{"Error":"Customer does not exist"}






{"Error":"Customer does not exist"}






{"Error":"Customer does not exist"}






{"Error":"Customer does not exist"}






{"Error":"Customer does not exist"}






{"Error":"Customer does not exist"}






{"Error":"Customer does not exist"}






{"Error":"Customer does not exist"}






{"Error":"Customer does not exist"}






{"Error":"Customer does not exist"}






{"Error":"Customer does not exist"}






{"Error":"Customer does not exist"}






{"Error":"Customer does not exist"}






{"Error":"Customer does not exist"}






{"Error":"Customer does not exist"}






{"Error":"Customer does not exist"}






{"Error":"Customer does not exist"}






{"Error":"Customer does not exist"}






{"Error":"Customer does not exist"}






{"Error":"Customer does not exist"}






{"Error":"Customer does not exist"}






{"Error":"Customer does not exist"}






{"Error":"Customer does not exist"}






{"Error":"Customer does not exist"}






{"Error":"Customer does not exist"}






{"Error":"Customer does not exist"}






{"Error":"Customer does not exist"}






{"Error":"Customer does not exist"}






{"Error":"Customer does not exist"}






{"Error":"Customer does not exist"}






{"Error":"Customer does not exist"}






{"Error":"Customer does not exist"}






{"Error":"Customer does not exist"}






{"Error":"Customer does not exist"}






{"Error":"Customer does not exist"}






{"Error":"Customer does not exist"}






{"Error":"Customer does not exist"}






{"Error":"Customer does not exist"}






{"Error":"Customer does not exist"}






{"Error":"Customer does not exist"}






{"Error":"Customer does not exist"}






{"Error":"Customer does not exist"}






{"Error":"Customer does not exist"}






{"Error":"Customer does not exist"}






{"Error":"Customer does not exist"}






{"Error":"Customer does not exist"}






{"Error":"Customer does not exist"}






{"Error":"Customer does not exist"}






{"Error":"Customer does not exist"}






{"Error":"Customer does not exist"}






{"Error":"Customer does not exist"}






{"Error":"Customer does not exist"}






{"Error":"Customer does not exist"}






{"Error":"Customer does not exist"}






{"Error":"Customer does not exist"}






{"Error":"Customer does not exist"}






{"Error":"Customer does not exist"}






{"Error":"Customer does not exist"}






{"Error":"Customer does not exist"}






{"Error":"Customer does not exist"}






{"Error":"Customer does not exist"}






{"Error":"Customer does not exist"}






{"Error":"Customer does not exist"}






{"Error":"Customer does not exist"}






{"Error":"Customer does not exist"}






{"Error":"Customer does not exist"}






{"Error":"Customer does not exist"}






{"Error":"Customer does not exist"}






{"Error":"Customer does not exist"}






{"Error":"Customer does not exist"}






{"Error":"Customer does not exist"}






{"Error":"Customer does not exist"}






{"Error":"Customer does not exist"}






{"Error":"Customer does not exist"}






{"Error":"Customer does not exist"}






{"Error":"Customer does not exist"}






{"Error":"Customer does not exist"}






{"Error":"Customer does not exist"}






{"Error":"Customer does not exist"}






{"Error":"Customer does not exist"}






{"Error":"Customer does not exist"}






{"Error":"Customer does not exist"}






{"Error":"Customer does not exist"}






{"Error":"Customer does not exist"}






{"Error":"Customer does not exist"}






{"Error":"Customer does not exist"}






{"Error":"Customer does not exist"}






{"Error":"Customer does not exist"}






{"Error":"Customer does not exist"}






{"Error":"Customer does not exist"}






{"Error":"Customer does not exist"}






{"Error":"Customer does not exist"}






{"Error":"Customer does not exist"}






{"Error":"Customer does not exist"}






{"Error":"Customer does not exist"}






{"Error":"Customer does not exist"}






{"Error":"Customer does not exist"}






{"Error":"Customer does not exist"}






{"Error":"Customer does not exist"}






{"Error":"Customer does not exist"}






{"Error":"Customer does not exist"}






{"Error":"Customer does not exist"}






{"Error":"Customer does not exist"}






{"Error":"Customer does not exist"}






{"Error":"Customer does not exist"}






{"Error":"Customer does not exist"}






{"Error":"Customer does not exist"}






{"Error":"Customer does not exist"}






{"Error":"Customer does not exist"}






{"Error":"Customer does not exist"}






{"Error":"Customer does not exist"}






{"Error":"Customer does not exist"}






{"Error":"Customer does not exist"}






{"Error":"Customer does not exist"}






{"Error":"Customer does not exist"}






{"Error":"Customer does not exist"}






{"Error":"Customer does not exist"}






{"Error":"Customer does not exist"}






{"Error":"Customer does not exist"}






{"Error":"Customer does not exist"}






{"Error":"Customer does not exist"}






{"Error":"Customer does not exist"}






{"Error":"Customer does not exist"}






{"Error":"Customer does not exist"}






{"Error":"Customer does not exist"}






{"Error":"Customer does not exist"}






{"Error":"Customer does not exist"}






{"Error":"Customer does not exist"}






{"Error":"Customer does not exist"}






{"Error":"Customer does not exist"}






{"Error":"Customer does not exist"}






{"Error":"Customer does not exist"}






{"Error":"Customer does not exist"}






{"Error":"Customer does not exist"}






{"Error":"Customer does not exist"}






{"Error":"Customer does not exist"}






{"Error":"Customer does not exist"}






{"Error":"Customer does not exist"}






{"Error":"Customer does not exist"}






{"Error":"Customer does not exist"}






{"Error":"Customer does not exist"}






{"Error":"Customer does not exist"}






{"Error":"Customer does not exist"}






{"Error":"Customer does not exist"}






{"Error":"Customer does not exist"}






{"Error":"Customer does not exist"}






{"Error":"Customer does not exist"}






{"Error":"Customer does not exist"}
Traceback (most recent call last):
  File "/usr/local/lib/python3.8/dist-packages/urllib3/connection.py", line 174, in _new_conn
    conn = connection.create_connection(
  File "/usr/local/lib/python3.8/dist-packages/urllib3/util/connection.py", line 72, in create_connection
    for res in socket.getaddrinfo(host, port, family, socket.SOCK_STREAM):
  File "/usr/lib/python3.8/socket.py", line 918, in getaddrinfo
    for res in _socket.getaddrinfo(host, port, family, type, proto, flags):
socket.gaierror: [Errno -3] Temporary failure in name resolution

During handling of the above exception, another exception occurred:

Traceback (most recent call last):
  File "/usr/local/lib/python3.8/dist-packages/urllib3/connectionpool.py", line 703, in urlopen
    httplib_response = self._make_request(
  File "/usr/local/lib/python3.8/dist-packages/urllib3/connectionpool.py", line 386, in _make_request
    self._validate_conn(conn)
  File "/usr/local/lib/python3.8/dist-packages/urllib3/connectionpool.py", line 1042, in _validate_conn
    conn.connect()
  File "/usr/local/lib/python3.8/dist-packages/urllib3/connection.py", line 358, in connect
    self.sock = conn = self._new_conn()
  File "/usr/local/lib/python3.8/dist-packages/urllib3/connection.py", line 186, in _new_conn
    raise NewConnectionError(
urllib3.exceptions.NewConnectionError: <urllib3.connection.HTTPSConnection object at 0x7f03b1b5afa0>: Failed to establish a new connection: [Errno -3] Temporary failure in name resolution

During handling of the above exception, another exception occurred:

Traceback (most recent call last):
  File "/usr/local/lib/python3.8/dist-packages/requests/adapters.py", line 489, in send
    resp = conn.urlopen(
  File "/usr/local/lib/python3.8/dist-packages/urllib3/connectionpool.py", line 787, in urlopen
    retries = retries.increment(
  File "/usr/local/lib/python3.8/dist-packages/urllib3/util/retry.py", line 592, in increment
    raise MaxRetryError(_pool, url, error or ResponseError(cause))
urllib3.exceptions.MaxRetryError: HTTPSConnectionPool(host='techsavanna.technology', port=443): Max retries exceeded with url: /river-court-palla/api/endpoints/payment.php?action=make-payment&company-id=RIVER (Caused by NewConnectionError('<urllib3.connection.HTTPSConnection object at 0x7f03b1b5afa0>: Failed to establish a new connection: [Errno -3] Temporary failure in name resolution'))

During handling of the above exception, another exception occurred:

Traceback (most recent call last):
  File "/var/www/html/property-rivercourt/receipt_sync.py", line 68, in <module>
    response = requests.post(url, data=json_data, headers=headers)
  File "/usr/local/lib/python3.8/dist-packages/requests/api.py", line 115, in post
    return request("post", url, data=data, json=json, **kwargs)
  File "/usr/local/lib/python3.8/dist-packages/requests/api.py", line 59, in request
    return session.request(method=method, url=url, **kwargs)
  File "/usr/local/lib/python3.8/dist-packages/requests/sessions.py", line 587, in request
    resp = self.send(prep, **send_kwargs)
  File "/usr/local/lib/python3.8/dist-packages/requests/sessions.py", line 701, in send
    r = adapter.send(request, **kwargs)
  File "/usr/local/lib/python3.8/dist-packages/requests/adapters.py", line 565, in send
    raise ConnectionError(e, request=request)
requests.exceptions.ConnectionError: HTTPSConnectionPool(host='techsavanna.technology', port=443): Max retries exceeded with url: /river-court-palla/api/endpoints/payment.php?action=make-payment&company-id=RIVER (Caused by NewConnectionError('<urllib3.connection.HTTPSConnection object at 0x7f03b1b5afa0>: Failed to establish a new connection: [Errno -3] Temporary failure in name resolution'))






{"Error":"Customer does not exist"}






{"Error":"Customer does not exist"}






{"Error":"Customer does not exist"}






{"Error":"Customer does not exist"}






{"Error":"Customer does not exist"}
Traceback (most recent call last):
  File "/usr/local/lib/python3.8/dist-packages/urllib3/connectionpool.py", line 703, in urlopen
    httplib_response = self._make_request(
  File "/usr/local/lib/python3.8/dist-packages/urllib3/connectionpool.py", line 449, in _make_request
    six.raise_from(e, None)
  File "<string>", line 3, in raise_from
  File "/usr/local/lib/python3.8/dist-packages/urllib3/connectionpool.py", line 444, in _make_request
    httplib_response = conn.getresponse()
  File "/usr/lib/python3.8/http/client.py", line 1348, in getresponse
    response.begin()
  File "/usr/lib/python3.8/http/client.py", line 316, in begin
    version, status, reason = self._read_status()
  File "/usr/lib/python3.8/http/client.py", line 277, in _read_status
    line = str(self.fp.readline(_MAXLINE + 1), "iso-8859-1")
  File "/usr/lib/python3.8/socket.py", line 669, in readinto
    return self._sock.recv_into(b)
  File "/usr/lib/python3.8/ssl.py", line 1241, in recv_into
    return self.read(nbytes, buffer)
  File "/usr/lib/python3.8/ssl.py", line 1099, in read
    return self._sslobj.read(len, buffer)
OSError: [Errno 101] Network is unreachable

During handling of the above exception, another exception occurred:

Traceback (most recent call last):
  File "/usr/local/lib/python3.8/dist-packages/requests/adapters.py", line 489, in send
    resp = conn.urlopen(
  File "/usr/local/lib/python3.8/dist-packages/urllib3/connectionpool.py", line 787, in urlopen
    retries = retries.increment(
  File "/usr/local/lib/python3.8/dist-packages/urllib3/util/retry.py", line 550, in increment
    raise six.reraise(type(error), error, _stacktrace)
  File "/usr/local/lib/python3.8/dist-packages/urllib3/packages/six.py", line 769, in reraise
    raise value.with_traceback(tb)
  File "/usr/local/lib/python3.8/dist-packages/urllib3/connectionpool.py", line 703, in urlopen
    httplib_response = self._make_request(
  File "/usr/local/lib/python3.8/dist-packages/urllib3/connectionpool.py", line 449, in _make_request
    six.raise_from(e, None)
  File "<string>", line 3, in raise_from
  File "/usr/local/lib/python3.8/dist-packages/urllib3/connectionpool.py", line 444, in _make_request
    httplib_response = conn.getresponse()
  File "/usr/lib/python3.8/http/client.py", line 1348, in getresponse
    response.begin()
  File "/usr/lib/python3.8/http/client.py", line 316, in begin
    version, status, reason = self._read_status()
  File "/usr/lib/python3.8/http/client.py", line 277, in _read_status
    line = str(self.fp.readline(_MAXLINE + 1), "iso-8859-1")
  File "/usr/lib/python3.8/socket.py", line 669, in readinto
    return self._sock.recv_into(b)
  File "/usr/lib/python3.8/ssl.py", line 1241, in recv_into
    return self.read(nbytes, buffer)
  File "/usr/lib/python3.8/ssl.py", line 1099, in read
    return self._sslobj.read(len, buffer)
urllib3.exceptions.ProtocolError: ('Connection aborted.', OSError(101, 'Network is unreachable'))

During handling of the above exception, another exception occurred:

Traceback (most recent call last):
  File "/var/www/html/property-rivercourt/receipt_sync.py", line 68, in <module>
    response = requests.post(url, data=json_data, headers=headers)
  File "/usr/local/lib/python3.8/dist-packages/requests/api.py", line 115, in post
    return request("post", url, data=data, json=json, **kwargs)
  File "/usr/local/lib/python3.8/dist-packages/requests/api.py", line 59, in request
    return session.request(method=method, url=url, **kwargs)
  File "/usr/local/lib/python3.8/dist-packages/requests/sessions.py", line 587, in request
    resp = self.send(prep, **send_kwargs)
  File "/usr/local/lib/python3.8/dist-packages/requests/sessions.py", line 701, in send
    r = adapter.send(request, **kwargs)
  File "/usr/local/lib/python3.8/dist-packages/requests/adapters.py", line 547, in send
    raise ConnectionError(err, request=request)
requests.exceptions.ConnectionError: ('Connection aborted.', OSError(101, 'Network is unreachable'))






{"Error":"Customer does not exist"}






{"Error":"Customer does not exist"}






{"Error":"Customer does not exist"}






{"Error":"Customer does not exist"}






{"Error":"Customer does not exist"}






{"Error":"Customer does not exist"}






{"Error":"Customer does not exist"}






{"Error":"Customer does not exist"}






{"Error":"Customer does not exist"}






{"Error":"Customer does not exist"}






{"Error":"Customer does not exist"}






{"Error":"Customer does not exist"}






{"Error":"Customer does not exist"}






{"Error":"Customer does not exist"}






{"Error":"Customer does not exist"}






{"Error":"Customer does not exist"}






{"Error":"Customer does not exist"}






{"Error":"Customer does not exist"}






{"Error":"Customer does not exist"}






{"Error":"Customer does not exist"}






{"Error":"Customer does not exist"}






{"Error":"Customer does not exist"}






{"Error":"Customer does not exist"}






{"Error":"Customer does not exist"}






{"Error":"Customer does not exist"}






{"Error":"Customer does not exist"}






{"Error":"Customer does not exist"}






{"Error":"Customer does not exist"}






{"Error":"Customer does not exist"}






{"Error":"Customer does not exist"}






{"Error":"Customer does not exist"}






{"Error":"Customer does not exist"}






{"Error":"Customer does not exist"}






{"Error":"Customer does not exist"}






{"Error":"Customer does not exist"}






{"Error":"Customer does not exist"}






{"Error":"Customer does not exist"}






{"Error":"Customer does not exist"}






{"Error":"Customer does not exist"}






{"Error":"Customer does not exist"}






{"Error":"Customer does not exist"}






{"Error":"Customer does not exist"}






{"Error":"Customer does not exist"}






{"Error":"Customer does not exist"}






{"Error":"Customer does not exist"}






{"Error":"Customer does not exist"}






{"Error":"Customer does not exist"}






{"Error":"Customer does not exist"}






{"Error":"Customer does not exist"}






{"Error":"Customer does not exist"}






{"Error":"Customer does not exist"}






{"Error":"Customer does not exist"}






{"Error":"Customer does not exist"}






{"Error":"Customer does not exist"}






{"Error":"Customer does not exist"}






{"Error":"Customer does not exist"}






{"Error":"Customer does not exist"}






{"Error":"Customer does not exist"}






{"Error":"Customer does not exist"}






{"Error":"Customer does not exist"}






{"Error":"Customer does not exist"}






{"Error":"Customer does not exist"}






{"Error":"Customer does not exist"}






{"Error":"Customer does not exist"}






{"Error":"Customer does not exist"}






{"Error":"Customer does not exist"}






{"Error":"Customer does not exist"}






{"Error":"Customer does not exist"}






{"Error":"Customer does not exist"}






{"Error":"Customer does not exist"}






{"Error":"Customer does not exist"}






{"Error":"Customer does not exist"}






{"Error":"Customer does not exist"}






{"Error":"Customer does not exist"}






{"Error":"Customer does not exist"}






{"Error":"Customer does not exist"}






{"Error":"Customer does not exist"}






{"Error":"Customer does not exist"}






{"Error":"Customer does not exist"}






{"Error":"Customer does not exist"}






{"Error":"Customer does not exist"}






{"Error":"Customer does not exist"}






{"Error":"Customer does not exist"}






{"Error":"Customer does not exist"}






{"Error":"Customer does not exist"}






{"Error":"Customer does not exist"}






{"Error":"Customer does not exist"}






{"Error":"Customer does not exist"}






{"Error":"Customer does not exist"}






{"Error":"Customer does not exist"}






{"Error":"Customer does not exist"}






{"Error":"Customer does not exist"}






{"Error":"Customer does not exist"}






{"Error":"Customer does not exist"}






{"Error":"Customer does not exist"}






{"Error":"Customer does not exist"}






{"Error":"Customer does not exist"}






{"Error":"Customer does not exist"}
Traceback (most recent call last):
  File "/usr/local/lib/python3.8/dist-packages/urllib3/connectionpool.py", line 703, in urlopen
    httplib_response = self._make_request(
  File "/usr/local/lib/python3.8/dist-packages/urllib3/connectionpool.py", line 386, in _make_request
    self._validate_conn(conn)
  File "/usr/local/lib/python3.8/dist-packages/urllib3/connectionpool.py", line 1042, in _validate_conn
    conn.connect()
  File "/usr/local/lib/python3.8/dist-packages/urllib3/connection.py", line 414, in connect
    self.sock = ssl_wrap_socket(
  File "/usr/local/lib/python3.8/dist-packages/urllib3/util/ssl_.py", line 449, in ssl_wrap_socket
    ssl_sock = _ssl_wrap_socket_impl(
  File "/usr/local/lib/python3.8/dist-packages/urllib3/util/ssl_.py", line 493, in _ssl_wrap_socket_impl
    return ssl_context.wrap_socket(sock, server_hostname=server_hostname)
  File "/usr/lib/python3.8/ssl.py", line 500, in wrap_socket
    return self.sslsocket_class._create(
  File "/usr/lib/python3.8/ssl.py", line 1040, in _create
    self.do_handshake()
  File "/usr/lib/python3.8/ssl.py", line 1309, in do_handshake
    self._sslobj.do_handshake()
OSError: [Errno 101] Network is unreachable

During handling of the above exception, another exception occurred:

Traceback (most recent call last):
  File "/usr/local/lib/python3.8/dist-packages/requests/adapters.py", line 489, in send
    resp = conn.urlopen(
  File "/usr/local/lib/python3.8/dist-packages/urllib3/connectionpool.py", line 787, in urlopen
    retries = retries.increment(
  File "/usr/local/lib/python3.8/dist-packages/urllib3/util/retry.py", line 550, in increment
    raise six.reraise(type(error), error, _stacktrace)
  File "/usr/local/lib/python3.8/dist-packages/urllib3/packages/six.py", line 769, in reraise
    raise value.with_traceback(tb)
  File "/usr/local/lib/python3.8/dist-packages/urllib3/connectionpool.py", line 703, in urlopen
    httplib_response = self._make_request(
  File "/usr/local/lib/python3.8/dist-packages/urllib3/connectionpool.py", line 386, in _make_request
    self._validate_conn(conn)
  File "/usr/local/lib/python3.8/dist-packages/urllib3/connectionpool.py", line 1042, in _validate_conn
    conn.connect()
  File "/usr/local/lib/python3.8/dist-packages/urllib3/connection.py", line 414, in connect
    self.sock = ssl_wrap_socket(
  File "/usr/local/lib/python3.8/dist-packages/urllib3/util/ssl_.py", line 449, in ssl_wrap_socket
    ssl_sock = _ssl_wrap_socket_impl(
  File "/usr/local/lib/python3.8/dist-packages/urllib3/util/ssl_.py", line 493, in _ssl_wrap_socket_impl
    return ssl_context.wrap_socket(sock, server_hostname=server_hostname)
  File "/usr/lib/python3.8/ssl.py", line 500, in wrap_socket
    return self.sslsocket_class._create(
  File "/usr/lib/python3.8/ssl.py", line 1040, in _create
    self.do_handshake()
  File "/usr/lib/python3.8/ssl.py", line 1309, in do_handshake
    self._sslobj.do_handshake()
urllib3.exceptions.ProtocolError: ('Connection aborted.', OSError(101, 'Network is unreachable'))

During handling of the above exception, another exception occurred:

Traceback (most recent call last):
  File "/var/www/html/property-rivercourt/receipt_sync.py", line 68, in <module>
    response = requests.post(url, data=json_data, headers=headers)
  File "/usr/local/lib/python3.8/dist-packages/requests/api.py", line 115, in post
    return request("post", url, data=data, json=json, **kwargs)
  File "/usr/local/lib/python3.8/dist-packages/requests/api.py", line 59, in request
    return session.request(method=method, url=url, **kwargs)
  File "/usr/local/lib/python3.8/dist-packages/requests/sessions.py", line 587, in request
    resp = self.send(prep, **send_kwargs)
  File "/usr/local/lib/python3.8/dist-packages/requests/sessions.py", line 701, in send
    r = adapter.send(request, **kwargs)
  File "/usr/local/lib/python3.8/dist-packages/requests/adapters.py", line 547, in send
    raise ConnectionError(err, request=request)
requests.exceptions.ConnectionError: ('Connection aborted.', OSError(101, 'Network is unreachable'))
{"CustId": "31715", "TransactionRef": 108402, "TransDate": "2023-06-16", "BankAcct": 20000001, "Amount": 10.0}
{'Authorization': 'Basic YXBpLXVzZXI6YWRtaW4='}
Payment added successfully. Payment ID: 35912
{"CustId": "31715", "TransactionRef": 108402, "TransDate": "2023-06-16", "BankAcct": 20000001, "Amount": 10.0}
{'Authorization': 'Basic YXBpLXVzZXI6YWRtaW4='}
Payment added successfully. Payment ID: 35913
{"CustId": "31715", "TransactionRef": 108402, "TransDate": "2023-06-16", "BankAcct": 20000001, "Amount": 10.0}
{'Authorization': 'Basic YXBpLXVzZXI6YWRtaW4='}
Payment added successfully. Payment ID: 35914
{"CustId": "31715", "TransactionRef": 108402, "TransDate": "2023-06-16", "BankAcct": 20000001, "Amount": 200.0}
{'Authorization': 'Basic YXBpLXVzZXI6YWRtaW4='}
Payment added successfully. Payment ID: 35915
